# Logfile created on 2014-08-21 10:38:46 +0200 by logger.rb/41954
I, [2014-08-21T10:38:46.083933 #7024]  INFO -- : 0:  rake (10.3.2) from /Users/peterberkenbosch/.gem/ruby/2.0.0/specifications/rake-10.3.2.gemspec
I, [2014-08-21T10:38:46.084223 #7024]  INFO -- : 0:  i18n (0.6.11) from /Users/peterberkenbosch/.gem/ruby/2.0.0/specifications/i18n-0.6.11.gemspec
I, [2014-08-21T10:38:46.084455 #7024]  INFO -- : 0:  json (1.8.1) from /Users/peterberkenbosch/.gem/ruby/2.0.0/specifications/json-1.8.1.gemspec
I, [2014-08-21T10:38:46.084689 #7024]  INFO -- : 0:  minitest (5.4.0) from /Users/peterberkenbosch/.gem/ruby/2.0.0/specifications/minitest-5.4.0.gemspec
I, [2014-08-21T10:38:46.084924 #7024]  INFO -- : 0:  thread_safe (0.3.4) from /Users/peterberkenbosch/.gem/ruby/2.0.0/specifications/thread_safe-0.3.4.gemspec
I, [2014-08-21T10:38:46.085158 #7024]  INFO -- : 0:  tzinfo (1.2.2) from /Users/peterberkenbosch/.gem/ruby/2.0.0/specifications/tzinfo-1.2.2.gemspec
I, [2014-08-21T10:38:46.085423 #7024]  INFO -- : 0:  activesupport (4.1.5) from /Users/peterberkenbosch/.gem/ruby/2.0.0/specifications/activesupport-4.1.5.gemspec
I, [2014-08-21T10:38:46.085641 #7024]  INFO -- : 0:  builder (3.2.2) from /Users/peterberkenbosch/.gem/ruby/2.0.0/specifications/builder-3.2.2.gemspec
I, [2014-08-21T10:38:46.085868 #7024]  INFO -- : 0:  erubis (2.7.0) from /Users/peterberkenbosch/.gem/ruby/2.0.0/specifications/erubis-2.7.0.gemspec
I, [2014-08-21T10:38:46.086071 #7024]  INFO -- : 0:  actionview (4.1.5) from /Users/peterberkenbosch/.gem/ruby/2.0.0/specifications/actionview-4.1.5.gemspec
I, [2014-08-21T10:38:46.086273 #7024]  INFO -- : 0:  rack (1.5.2) from /Users/peterberkenbosch/.gem/ruby/2.0.0/specifications/rack-1.5.2.gemspec
I, [2014-08-21T10:38:46.086474 #7024]  INFO -- : 0:  rack-test (0.6.2) from /Users/peterberkenbosch/.gem/ruby/2.0.0/specifications/rack-test-0.6.2.gemspec
I, [2014-08-21T10:38:46.086690 #7024]  INFO -- : 0:  actionpack (4.1.5) from /Users/peterberkenbosch/.gem/ruby/2.0.0/specifications/actionpack-4.1.5.gemspec
I, [2014-08-21T10:38:46.086896 #7024]  INFO -- : 0:  mime-types (1.25.1) from /Users/peterberkenbosch/.gem/ruby/2.0.0/specifications/mime-types-1.25.1.gemspec
I, [2014-08-21T10:38:46.087111 #7024]  INFO -- : 0:  polyglot (0.3.5) from /Users/peterberkenbosch/.gem/ruby/2.0.0/specifications/polyglot-0.3.5.gemspec
I, [2014-08-21T10:38:46.087323 #7024]  INFO -- : 0:  treetop (1.4.15) from /Users/peterberkenbosch/.gem/ruby/2.0.0/specifications/treetop-1.4.15.gemspec
I, [2014-08-21T10:38:46.087539 #7024]  INFO -- : 0:  mail (2.5.4) from /Users/peterberkenbosch/.gem/ruby/2.0.0/specifications/mail-2.5.4.gemspec
I, [2014-08-21T10:38:46.087759 #7024]  INFO -- : 0:  actionmailer (4.1.5) from /Users/peterberkenbosch/.gem/ruby/2.0.0/specifications/actionmailer-4.1.5.gemspec
I, [2014-08-21T10:38:46.087960 #7024]  INFO -- : 0:  activemodel (4.1.5) from /Users/peterberkenbosch/.gem/ruby/2.0.0/specifications/activemodel-4.1.5.gemspec
I, [2014-08-21T10:38:46.088153 #7024]  INFO -- : 0:  active_model_serializers (0.9.0.alpha1) from /Users/peterberkenbosch/.gem/ruby/2.0.0/specifications/active_model_serializers-0.9.0.alpha1.gemspec
I, [2014-08-21T10:38:46.088334 #7024]  INFO -- : 0:  active_utils (2.2.3) from /Users/peterberkenbosch/.gem/ruby/2.0.0/specifications/active_utils-2.2.3.gemspec
I, [2014-08-21T10:38:46.088523 #7024]  INFO -- : 0:  money (6.1.1) from /Users/peterberkenbosch/.gem/ruby/2.0.0/specifications/money-6.1.1.gemspec
I, [2014-08-21T10:38:46.088711 #7024]  INFO -- : 0:  mini_portile (0.6.0) from /Users/peterberkenbosch/.gem/ruby/2.0.0/specifications/mini_portile-0.6.0.gemspec
I, [2014-08-21T10:38:46.088900 #7024]  INFO -- : 0:  nokogiri (1.6.3.1) from /Users/peterberkenbosch/.gem/ruby/2.0.0/specifications/nokogiri-1.6.3.1.gemspec
I, [2014-08-21T10:38:46.089095 #7024]  INFO -- : 0:  activemerchant (1.43.3) from /Users/peterberkenbosch/.gem/ruby/2.0.0/specifications/activemerchant-1.43.3.gemspec
I, [2014-08-21T10:38:46.089282 #7024]  INFO -- : 0:  arel (5.0.1.20140414130214) from /Users/peterberkenbosch/.gem/ruby/2.0.0/specifications/arel-5.0.1.20140414130214.gemspec
I, [2014-08-21T10:38:46.089484 #7024]  INFO -- : 0:  activerecord (4.1.5) from /Users/peterberkenbosch/.gem/ruby/2.0.0/specifications/activerecord-4.1.5.gemspec
I, [2014-08-21T10:38:46.089679 #7024]  INFO -- : 0:  acts_as_list (0.3.0) from /Users/peterberkenbosch/.gem/ruby/2.0.0/specifications/acts_as_list-0.3.0.gemspec
I, [2014-08-21T10:38:46.089878 #7024]  INFO -- : 0:  awesome_nested_set (3.0.0) from /Users/peterberkenbosch/.gem/ruby/2.0.0/specifications/awesome_nested_set-3.0.0.gemspec
I, [2014-08-21T10:38:46.090026 #7024]  INFO -- : 0:  bundler (1.5.1) from /Users/peterberkenbosch/.gem/ruby/2.0.0/specifications/bundler-1.5.1.gemspec
I, [2014-08-21T10:38:46.090193 #7024]  INFO -- : 0:  camertron-eprun (1.1.0) from /Users/peterberkenbosch/.gem/ruby/2.0.0/specifications/camertron-eprun-1.1.0.gemspec
I, [2014-08-21T10:38:46.090370 #7024]  INFO -- : 0:  cancancan (1.8.4) from /Users/peterberkenbosch/.gem/ruby/2.0.0/specifications/cancancan-1.8.4.gemspec
I, [2014-08-21T10:38:46.090552 #7024]  INFO -- : 0:  thor (0.19.1) from /Users/peterberkenbosch/.gem/ruby/2.0.0/specifications/thor-0.19.1.gemspec
I, [2014-08-21T10:38:46.090757 #7024]  INFO -- : 0:  railties (4.1.5) from /Users/peterberkenbosch/.gem/ruby/2.0.0/specifications/railties-4.1.5.gemspec
I, [2014-08-21T10:38:46.090927 #7024]  INFO -- : 0:  hike (1.2.3) from /Users/peterberkenbosch/.gem/ruby/2.0.0/specifications/hike-1.2.3.gemspec
I, [2014-08-21T10:38:46.091122 #7024]  INFO -- : 0:  multi_json (1.10.1) from /Users/peterberkenbosch/.gem/ruby/2.0.0/specifications/multi_json-1.10.1.gemspec
I, [2014-08-21T10:38:46.091289 #7024]  INFO -- : 0:  tilt (1.4.1) from /Users/peterberkenbosch/.gem/ruby/2.0.0/specifications/tilt-1.4.1.gemspec
I, [2014-08-21T10:38:46.091481 #7024]  INFO -- : 0:  sprockets (2.11.0) from /Users/peterberkenbosch/.gem/ruby/2.0.0/specifications/sprockets-2.11.0.gemspec
I, [2014-08-21T10:38:46.091650 #7024]  INFO -- : 0:  sprockets-rails (2.1.3) from /Users/peterberkenbosch/.gem/ruby/2.0.0/specifications/sprockets-rails-2.1.3.gemspec
I, [2014-08-21T10:38:46.091848 #7024]  INFO -- : 0:  rails (4.1.5) from /Users/peterberkenbosch/.gem/ruby/2.0.0/specifications/rails-4.1.5.gemspec
I, [2014-08-21T10:38:46.092029 #7024]  INFO -- : 0:  canonical-rails (0.0.7) from /Users/peterberkenbosch/.gem/ruby/2.0.0/specifications/canonical-rails-0.0.7.gemspec
I, [2014-08-21T10:38:46.092209 #7024]  INFO -- : 0:  xpath (2.0.0) from /Users/peterberkenbosch/.gem/ruby/2.0.0/specifications/xpath-2.0.0.gemspec
I, [2014-08-21T10:38:46.092402 #7024]  INFO -- : 0:  capybara (2.2.1) from /Users/peterberkenbosch/.gem/ruby/2.0.0/specifications/capybara-2.2.1.gemspec
I, [2014-08-21T10:38:46.092564 #7024]  INFO -- : 0:  ffi (1.9.3) from /Users/peterberkenbosch/.gem/ruby/2.0.0/specifications/ffi-1.9.3.gemspec
I, [2014-08-21T10:38:46.092759 #7024]  INFO -- : 0:  childprocess (0.5.3) from /Users/peterberkenbosch/.gem/ruby/2.0.0/specifications/childprocess-0.5.3.gemspec
I, [2014-08-21T10:38:46.092943 #7024]  INFO -- : 0:  climate_control (0.0.3) from /Users/peterberkenbosch/.gem/ruby/2.0.0/specifications/climate_control-0.0.3.gemspec
I, [2014-08-21T10:38:46.093115 #7024]  INFO -- : 0:  cocaine (0.5.4) from /Users/peterberkenbosch/.gem/ruby/2.0.0/specifications/cocaine-0.5.4.gemspec
I, [2014-08-21T10:38:46.093299 #7024]  INFO -- : 0:  coderay (1.1.0) from /Users/peterberkenbosch/.gem/ruby/2.0.0/specifications/coderay-1.1.0.gemspec
I, [2014-08-21T10:38:46.093477 #7024]  INFO -- : 0:  coffee-script-source (1.7.1) from /Users/peterberkenbosch/.gem/ruby/2.0.0/specifications/coffee-script-source-1.7.1.gemspec
I, [2014-08-21T10:38:46.093669 #7024]  INFO -- : 0:  execjs (2.2.1) from /Users/peterberkenbosch/.gem/ruby/2.0.0/specifications/execjs-2.2.1.gemspec
I, [2014-08-21T10:38:46.093896 #7024]  INFO -- : 0:  coffee-script (2.3.0) from /Users/peterberkenbosch/.gem/ruby/2.0.0/specifications/coffee-script-2.3.0.gemspec
I, [2014-08-21T10:38:46.094358 #7024]  INFO -- : 0:  coffee-rails (4.0.1) from /Users/peterberkenbosch/.gem/ruby/2.0.0/specifications/coffee-rails-4.0.1.gemspec
I, [2014-08-21T10:38:46.094853 #7024]  INFO -- : 0:  colorize (0.7.3) from /Users/peterberkenbosch/.gem/ruby/2.0.0/specifications/colorize-0.7.3.gemspec
I, [2014-08-21T10:38:46.095208 #7024]  INFO -- : 0:  deface (1.0.0) from /Users/peterberkenbosch/.gem/ruby/2.0.0/specifications/deface-1.0.0.gemspec
I, [2014-08-21T10:38:46.095578 #7024]  INFO -- : 0:  diff-lcs (1.2.5) from /Users/peterberkenbosch/.gem/ruby/2.0.0/specifications/diff-lcs-1.2.5.gemspec
I, [2014-08-21T10:38:46.096271 #7024]  INFO -- : 0:  docile (1.1.5) from /Users/peterberkenbosch/.gem/ruby/2.0.0/specifications/docile-1.1.5.gemspec
I, [2014-08-21T10:38:46.097041 #7024]  INFO -- : 0:  factory_girl (4.4.0) from /Users/peterberkenbosch/.gem/ruby/2.0.0/specifications/factory_girl-4.4.0.gemspec
I, [2014-08-21T10:38:46.097633 #7024]  INFO -- : 0:  ffaker (1.25.0) from /Users/peterberkenbosch/.gem/ruby/2.0.0/specifications/ffaker-1.25.0.gemspec
I, [2014-08-21T10:38:46.098259 #7024]  INFO -- : 0:  font-awesome-rails (4.1.0.0) from /Users/peterberkenbosch/.gem/ruby/2.0.0/specifications/font-awesome-rails-4.1.0.0.gemspec
I, [2014-08-21T10:38:46.098913 #7024]  INFO -- : 0:  friendly_id (5.0.4) from /Users/peterberkenbosch/.gem/ruby/2.0.0/specifications/friendly_id-5.0.4.gemspec
I, [2014-08-21T10:38:46.099479 #7024]  INFO -- : 0:  highline (1.6.21) from /Users/peterberkenbosch/.gem/ruby/2.0.0/specifications/highline-1.6.21.gemspec
I, [2014-08-21T10:38:46.100074 #7024]  INFO -- : 0:  multi_xml (0.5.5) from /Users/peterberkenbosch/.gem/ruby/2.0.0/specifications/multi_xml-0.5.5.gemspec
I, [2014-08-21T10:38:46.100605 #7024]  INFO -- : 0:  httparty (0.13.1) from /Users/peterberkenbosch/.gem/ruby/2.0.0/specifications/httparty-0.13.1.gemspec
I, [2014-08-21T10:38:46.101049 #7024]  INFO -- : 0:  jquery-rails (3.1.0) from /Users/peterberkenbosch/.gem/ruby/2.0.0/specifications/jquery-rails-3.1.0.gemspec
I, [2014-08-21T10:38:46.101535 #7024]  INFO -- : 0:  jquery-ui-rails (4.1.2) from /Users/peterberkenbosch/.gem/ruby/2.0.0/specifications/jquery-ui-rails-4.1.2.gemspec
I, [2014-08-21T10:38:46.101889 #7024]  INFO -- : 0:  kaminari (0.15.1) from /Users/peterberkenbosch/.gem/ruby/2.0.0/specifications/kaminari-0.15.1.gemspec
I, [2014-08-21T10:38:46.102360 #7024]  INFO -- : 0:  method_source (0.8.2) from /Users/peterberkenbosch/.gem/ruby/2.0.0/specifications/method_source-0.8.2.gemspec
I, [2014-08-21T10:38:46.102761 #7024]  INFO -- : 0:  monetize (0.3.0) from /Users/peterberkenbosch/.gem/ruby/2.0.0/specifications/monetize-0.3.0.gemspec
I, [2014-08-21T10:38:46.103177 #7024]  INFO -- : 0:  paperclip (4.2.0) from /Users/peterberkenbosch/.gem/ruby/2.0.0/specifications/paperclip-4.2.0.gemspec
I, [2014-08-21T10:38:46.103683 #7024]  INFO -- : 0:  paranoia (2.0.2) from /Users/peterberkenbosch/.gem/ruby/2.0.0/specifications/paranoia-2.0.2.gemspec
I, [2014-08-21T10:38:46.104088 #7024]  INFO -- : 0:  pg (0.17.1) from /Users/peterberkenbosch/.gem/ruby/2.0.0/specifications/pg-0.17.1.gemspec
I, [2014-08-21T10:38:46.104529 #7024]  INFO -- : 0:  polyamorous (1.0.0) from /Users/peterberkenbosch/.gem/ruby/2.0.0/specifications/polyamorous-1.0.0.gemspec
I, [2014-08-21T10:38:46.105040 #7024]  INFO -- : 0:  slop (3.6.0) from /Users/peterberkenbosch/.gem/ruby/2.0.0/specifications/slop-3.6.0.gemspec
I, [2014-08-21T10:38:46.105370 #7024]  INFO -- : 0:  pry (0.10.1) from /Users/peterberkenbosch/.gem/ruby/2.0.0/specifications/pry-0.10.1.gemspec
I, [2014-08-21T10:38:47.048168 #7024]  INFO -- : 0:  pry-rails (0.3.2) from /Users/peterberkenbosch/.gem/ruby/2.0.0/specifications/pry-rails-0.3.2.gemspec
I, [2014-08-21T10:38:47.048542 #7024]  INFO -- : 0:  rabl (0.9.4.pre1) from /Users/peterberkenbosch/.gem/ruby/2.0.0/specifications/rabl-0.9.4.pre1.gemspec
I, [2014-08-21T10:38:47.048786 #7024]  INFO -- : 0:  ransack (1.2.3) from /Users/peterberkenbosch/.gem/ruby/2.0.0/specifications/ransack-1.2.3.gemspec
I, [2014-08-21T10:38:47.049363 #7024]  INFO -- : 0:  rspec-core (2.14.8) from /Users/peterberkenbosch/.gem/ruby/2.0.0/specifications/rspec-core-2.14.8.gemspec
I, [2014-08-21T10:38:47.049680 #7024]  INFO -- : 0:  rspec-expectations (2.14.5) from /Users/peterberkenbosch/.gem/ruby/2.0.0/specifications/rspec-expectations-2.14.5.gemspec
I, [2014-08-21T10:38:47.049951 #7024]  INFO -- : 0:  rspec-mocks (2.14.6) from /Users/peterberkenbosch/.gem/ruby/2.0.0/specifications/rspec-mocks-2.14.6.gemspec
I, [2014-08-21T10:38:47.050210 #7024]  INFO -- : 0:  rspec-rails (2.14.2) from /Users/peterberkenbosch/.gem/ruby/2.0.0/specifications/rspec-rails-2.14.2.gemspec
I, [2014-08-21T10:38:47.050469 #7024]  INFO -- : 0:  rubyzip (1.1.6) from /Users/peterberkenbosch/.gem/ruby/2.0.0/specifications/rubyzip-1.1.6.gemspec
I, [2014-08-21T10:38:47.050719 #7024]  INFO -- : 0:  sass (3.2.19) from /Users/peterberkenbosch/.gem/ruby/2.0.0/specifications/sass-3.2.19.gemspec
I, [2014-08-21T10:38:47.051037 #7024]  INFO -- : 0:  sass-rails (4.0.3) from /Users/peterberkenbosch/.gem/ruby/2.0.0/specifications/sass-rails-4.0.3.gemspec
I, [2014-08-21T10:38:47.051408 #7024]  INFO -- : 0:  select2-rails (3.5.9.1) from /Users/peterberkenbosch/.gem/ruby/2.0.0/specifications/select2-rails-3.5.9.1.gemspec
I, [2014-08-21T10:38:47.051652 #7024]  INFO -- : 0:  websocket (1.0.7) from /Users/peterberkenbosch/.gem/ruby/2.0.0/specifications/websocket-1.0.7.gemspec
I, [2014-08-21T10:38:47.051869 #7024]  INFO -- : 0:  selenium-webdriver (2.42.0) from /Users/peterberkenbosch/.gem/ruby/2.0.0/specifications/selenium-webdriver-2.42.0.gemspec
I, [2014-08-21T10:38:47.052060 #7024]  INFO -- : 0:  simplecov-html (0.8.0) from /Users/peterberkenbosch/.gem/ruby/2.0.0/specifications/simplecov-html-0.8.0.gemspec
I, [2014-08-21T10:38:47.052254 #7024]  INFO -- : 0:  simplecov (0.9.0) from /Users/peterberkenbosch/.gem/ruby/2.0.0/specifications/simplecov-0.9.0.gemspec
I, [2014-08-21T10:38:47.052485 #7024]  INFO -- : 0:  state_machine (1.2.0) from /Users/peterberkenbosch/.gem/ruby/2.0.0/specifications/state_machine-1.2.0.gemspec
I, [2014-08-21T10:38:47.052705 #7024]  INFO -- : 0:  stringex (1.5.1) from /Users/peterberkenbosch/.gem/ruby/2.0.0/specifications/stringex-1.5.1.gemspec
I, [2014-08-21T10:38:47.052941 #7024]  INFO -- : 0:  truncate_html (0.9.2) from /Users/peterberkenbosch/.gem/ruby/2.0.0/specifications/truncate_html-0.9.2.gemspec
I, [2014-08-21T10:38:47.053161 #7024]  INFO -- : 0:  twitter_cldr (3.0.7) from /Users/peterberkenbosch/.gem/ruby/2.0.0/specifications/twitter_cldr-3.0.7.gemspec
I, [2014-08-21T10:38:47.422197 #7024]  INFO -- : 0:  spree_core (2.4.0.beta) from /Users/peterberkenbosch/.gem/ruby/2.0.0/bundler/gems/spree-38b8456183d1/core/spree_core.gemspec
I, [2014-08-21T10:38:47.422614 #7024]  INFO -- : 0:  versioncake (2.3.1) from /Users/peterberkenbosch/.gem/ruby/2.0.0/specifications/versioncake-2.3.1.gemspec
I, [2014-08-21T10:38:47.555779 #7024]  INFO -- : 0:  spree_api (2.4.0.beta) from /Users/peterberkenbosch/.gem/ruby/2.0.0/bundler/gems/spree-38b8456183d1/api/spree_api.gemspec
I, [2014-08-21T10:38:47.910738 #7024]  INFO -- : 0:  spree_backend (2.4.0.beta) from /Users/peterberkenbosch/.gem/ruby/2.0.0/bundler/gems/spree-38b8456183d1/backend/spree_backend.gemspec
I, [2014-08-21T10:38:47.924702 #7024]  INFO -- : 0:  spree_cmd (2.4.0.beta) from /Users/peterberkenbosch/.gem/ruby/2.0.0/bundler/gems/spree-38b8456183d1/cmd/spree_cmd.gemspec
I, [2014-08-21T10:38:48.186074 #7024]  INFO -- : 0:  spree_frontend (2.4.0.beta) from /Users/peterberkenbosch/.gem/ruby/2.0.0/bundler/gems/spree-38b8456183d1/frontend/spree_frontend.gemspec
I, [2014-08-21T10:38:48.314590 #7024]  INFO -- : 0:  spree_sample (2.4.0.beta) from /Users/peterberkenbosch/.gem/ruby/2.0.0/bundler/gems/spree-38b8456183d1/sample/spree_sample.gemspec
I, [2014-08-21T10:38:48.320537 #7024]  INFO -- : 0:  spree (2.4.0.beta) from /Users/peterberkenbosch/.gem/ruby/2.0.0/bundler/gems/spree-38b8456183d1/spree.gemspec
I, [2014-08-21T10:38:48.403638 #7024]  INFO -- : 0:  spree_product_assembly (2.2.0.beta) from /Users/peterberkenbosch/code/github/spree/spree-product-assembly/spree_product_assembly.gemspec
I, [2014-08-21T10:38:48.404006 #7024]  INFO -- : 0:  sqlite3 (1.3.9) from /Users/peterberkenbosch/.gem/ruby/2.0.0/specifications/sqlite3-1.3.9.gemspec
I, [2014-08-21T10:45:28.899807 #7360]  INFO -- : 0:  rake (10.3.2) from /Users/peterberkenbosch/.gem/ruby/2.0.0/specifications/rake-10.3.2.gemspec
I, [2014-08-21T10:45:28.900168 #7360]  INFO -- : 0:  i18n (0.6.11) from /Users/peterberkenbosch/.gem/ruby/2.0.0/specifications/i18n-0.6.11.gemspec
I, [2014-08-21T10:45:28.900397 #7360]  INFO -- : 0:  json (1.8.1) from /Users/peterberkenbosch/.gem/ruby/2.0.0/specifications/json-1.8.1.gemspec
I, [2014-08-21T10:45:28.900604 #7360]  INFO -- : 0:  minitest (5.4.0) from /Users/peterberkenbosch/.gem/ruby/2.0.0/specifications/minitest-5.4.0.gemspec
I, [2014-08-21T10:45:28.900792 #7360]  INFO -- : 0:  thread_safe (0.3.4) from /Users/peterberkenbosch/.gem/ruby/2.0.0/specifications/thread_safe-0.3.4.gemspec
I, [2014-08-21T10:45:28.900978 #7360]  INFO -- : 0:  tzinfo (1.2.2) from /Users/peterberkenbosch/.gem/ruby/2.0.0/specifications/tzinfo-1.2.2.gemspec
I, [2014-08-21T10:45:28.901178 #7360]  INFO -- : 0:  activesupport (4.1.5) from /Users/peterberkenbosch/.gem/ruby/2.0.0/specifications/activesupport-4.1.5.gemspec
I, [2014-08-21T10:45:28.901357 #7360]  INFO -- : 0:  builder (3.2.2) from /Users/peterberkenbosch/.gem/ruby/2.0.0/specifications/builder-3.2.2.gemspec
I, [2014-08-21T10:45:28.901523 #7360]  INFO -- : 0:  erubis (2.7.0) from /Users/peterberkenbosch/.gem/ruby/2.0.0/specifications/erubis-2.7.0.gemspec
I, [2014-08-21T10:45:28.901715 #7360]  INFO -- : 0:  actionview (4.1.5) from /Users/peterberkenbosch/.gem/ruby/2.0.0/specifications/actionview-4.1.5.gemspec
I, [2014-08-21T10:45:28.901962 #7360]  INFO -- : 0:  rack (1.5.2) from /Users/peterberkenbosch/.gem/ruby/2.0.0/specifications/rack-1.5.2.gemspec
I, [2014-08-21T10:45:28.902138 #7360]  INFO -- : 0:  rack-test (0.6.2) from /Users/peterberkenbosch/.gem/ruby/2.0.0/specifications/rack-test-0.6.2.gemspec
I, [2014-08-21T10:45:28.902357 #7360]  INFO -- : 0:  actionpack (4.1.5) from /Users/peterberkenbosch/.gem/ruby/2.0.0/specifications/actionpack-4.1.5.gemspec
I, [2014-08-21T10:45:28.902523 #7360]  INFO -- : 0:  mime-types (1.25.1) from /Users/peterberkenbosch/.gem/ruby/2.0.0/specifications/mime-types-1.25.1.gemspec
I, [2014-08-21T10:45:28.939484 #7360]  INFO -- : 0:  polyglot (0.3.5) from /Users/peterberkenbosch/.gem/ruby/2.0.0/specifications/polyglot-0.3.5.gemspec
I, [2014-08-21T10:45:28.939733 #7360]  INFO -- : 0:  treetop (1.4.15) from /Users/peterberkenbosch/.gem/ruby/2.0.0/specifications/treetop-1.4.15.gemspec
I, [2014-08-21T10:45:28.939932 #7360]  INFO -- : 0:  mail (2.5.4) from /Users/peterberkenbosch/.gem/ruby/2.0.0/specifications/mail-2.5.4.gemspec
I, [2014-08-21T10:45:28.940144 #7360]  INFO -- : 0:  actionmailer (4.1.5) from /Users/peterberkenbosch/.gem/ruby/2.0.0/specifications/actionmailer-4.1.5.gemspec
I, [2014-08-21T10:45:28.940340 #7360]  INFO -- : 0:  active_utils (2.2.3) from /Users/peterberkenbosch/.gem/ruby/2.0.0/specifications/active_utils-2.2.3.gemspec
I, [2014-08-21T10:45:28.940534 #7360]  INFO -- : 0:  money (6.1.1) from /Users/peterberkenbosch/.gem/ruby/2.0.0/specifications/money-6.1.1.gemspec
I, [2014-08-21T10:45:28.940728 #7360]  INFO -- : 0:  mini_portile (0.6.0) from /Users/peterberkenbosch/.gem/ruby/2.0.0/specifications/mini_portile-0.6.0.gemspec
I, [2014-08-21T10:45:28.940924 #7360]  INFO -- : 0:  nokogiri (1.6.3.1) from /Users/peterberkenbosch/.gem/ruby/2.0.0/specifications/nokogiri-1.6.3.1.gemspec
I, [2014-08-21T10:45:28.941127 #7360]  INFO -- : 0:  activemerchant (1.43.3) from /Users/peterberkenbosch/.gem/ruby/2.0.0/specifications/activemerchant-1.43.3.gemspec
I, [2014-08-21T10:45:28.941335 #7360]  INFO -- : 0:  activemodel (4.1.5) from /Users/peterberkenbosch/.gem/ruby/2.0.0/specifications/activemodel-4.1.5.gemspec
I, [2014-08-21T10:45:28.941530 #7360]  INFO -- : 0:  arel (5.0.1.20140414130214) from /Users/peterberkenbosch/.gem/ruby/2.0.0/specifications/arel-5.0.1.20140414130214.gemspec
I, [2014-08-21T10:45:28.941730 #7360]  INFO -- : 0:  activerecord (4.1.5) from /Users/peterberkenbosch/.gem/ruby/2.0.0/specifications/activerecord-4.1.5.gemspec
I, [2014-08-21T10:45:28.941881 #7360]  INFO -- : 0:  acts_as_list (0.3.0) from /Users/peterberkenbosch/.gem/ruby/2.0.0/specifications/acts_as_list-0.3.0.gemspec
I, [2014-08-21T10:45:28.942062 #7360]  INFO -- : 0:  awesome_nested_set (3.0.0) from /Users/peterberkenbosch/.gem/ruby/2.0.0/specifications/awesome_nested_set-3.0.0.gemspec
I, [2014-08-21T10:45:28.942227 #7360]  INFO -- : 0:  uuidtools (2.1.5) from /Users/peterberkenbosch/.gem/ruby/2.0.0/specifications/uuidtools-2.1.5.gemspec
I, [2014-08-21T10:45:28.942387 #7360]  INFO -- : 0:  aws-sdk (1.27.0) from /Users/peterberkenbosch/.gem/ruby/2.0.0/specifications/aws-sdk-1.27.0.gemspec
I, [2014-08-21T10:45:28.942516 #7360]  INFO -- : 0:  bundler (1.5.1) from /Users/peterberkenbosch/.gem/ruby/2.0.0/specifications/bundler-1.5.1.gemspec
I, [2014-08-21T10:45:28.942663 #7360]  INFO -- : 0:  cancancan (1.8.4) from /Users/peterberkenbosch/.gem/ruby/2.0.0/specifications/cancancan-1.8.4.gemspec
I, [2014-08-21T10:45:28.942818 #7360]  INFO -- : 0:  thor (0.19.1) from /Users/peterberkenbosch/.gem/ruby/2.0.0/specifications/thor-0.19.1.gemspec
I, [2014-08-21T10:45:28.942997 #7360]  INFO -- : 0:  railties (4.1.5) from /Users/peterberkenbosch/.gem/ruby/2.0.0/specifications/railties-4.1.5.gemspec
I, [2014-08-21T10:45:28.943164 #7360]  INFO -- : 0:  hike (1.2.3) from /Users/peterberkenbosch/.gem/ruby/2.0.0/specifications/hike-1.2.3.gemspec
I, [2014-08-21T10:45:28.943345 #7360]  INFO -- : 0:  multi_json (1.10.1) from /Users/peterberkenbosch/.gem/ruby/2.0.0/specifications/multi_json-1.10.1.gemspec
I, [2014-08-21T10:45:28.943510 #7360]  INFO -- : 0:  tilt (1.4.1) from /Users/peterberkenbosch/.gem/ruby/2.0.0/specifications/tilt-1.4.1.gemspec
I, [2014-08-21T10:45:28.943685 #7360]  INFO -- : 0:  sprockets (2.11.0) from /Users/peterberkenbosch/.gem/ruby/2.0.0/specifications/sprockets-2.11.0.gemspec
I, [2014-08-21T10:45:28.943864 #7360]  INFO -- : 0:  sprockets-rails (2.1.3) from /Users/peterberkenbosch/.gem/ruby/2.0.0/specifications/sprockets-rails-2.1.3.gemspec
I, [2014-08-21T10:45:28.944057 #7360]  INFO -- : 0:  rails (4.1.5) from /Users/peterberkenbosch/.gem/ruby/2.0.0/specifications/rails-4.1.5.gemspec
I, [2014-08-21T10:45:28.944241 #7360]  INFO -- : 0:  canonical-rails (0.0.7) from /Users/peterberkenbosch/.gem/ruby/2.0.0/specifications/canonical-rails-0.0.7.gemspec
I, [2014-08-21T10:45:28.944398 #7360]  INFO -- : 0:  xpath (2.0.0) from /Users/peterberkenbosch/.gem/ruby/2.0.0/specifications/xpath-2.0.0.gemspec
I, [2014-08-21T10:45:28.944564 #7360]  INFO -- : 0:  capybara (2.2.1) from /Users/peterberkenbosch/.gem/ruby/2.0.0/specifications/capybara-2.2.1.gemspec
I, [2014-08-21T10:45:28.944715 #7360]  INFO -- : 0:  ffi (1.9.3) from /Users/peterberkenbosch/.gem/ruby/2.0.0/specifications/ffi-1.9.3.gemspec
I, [2014-08-21T10:45:28.944878 #7360]  INFO -- : 0:  childprocess (0.5.3) from /Users/peterberkenbosch/.gem/ruby/2.0.0/specifications/childprocess-0.5.3.gemspec
I, [2014-08-21T10:45:28.945030 #7360]  INFO -- : 0:  climate_control (0.0.3) from /Users/peterberkenbosch/.gem/ruby/2.0.0/specifications/climate_control-0.0.3.gemspec
I, [2014-08-21T10:45:28.945187 #7360]  INFO -- : 0:  cocaine (0.5.4) from /Users/peterberkenbosch/.gem/ruby/2.0.0/specifications/cocaine-0.5.4.gemspec
I, [2014-08-21T10:45:28.945343 #7360]  INFO -- : 0:  coderay (1.1.0) from /Users/peterberkenbosch/.gem/ruby/2.0.0/specifications/coderay-1.1.0.gemspec
I, [2014-08-21T10:45:28.945501 #7360]  INFO -- : 0:  coffee-script-source (1.7.1) from /Users/peterberkenbosch/.gem/ruby/2.0.0/specifications/coffee-script-source-1.7.1.gemspec
I, [2014-08-21T10:45:28.945671 #7360]  INFO -- : 0:  execjs (2.2.1) from /Users/peterberkenbosch/.gem/ruby/2.0.0/specifications/execjs-2.2.1.gemspec
I, [2014-08-21T10:45:28.945837 #7360]  INFO -- : 0:  coffee-script (2.3.0) from /Users/peterberkenbosch/.gem/ruby/2.0.0/specifications/coffee-script-2.3.0.gemspec
I, [2014-08-21T10:45:28.946005 #7360]  INFO -- : 0:  coffee-rails (4.0.1) from /Users/peterberkenbosch/.gem/ruby/2.0.0/specifications/coffee-rails-4.0.1.gemspec
I, [2014-08-21T10:45:28.946177 #7360]  INFO -- : 0:  colorize (0.7.3) from /Users/peterberkenbosch/.gem/ruby/2.0.0/specifications/colorize-0.7.3.gemspec
I, [2014-08-21T10:45:28.946369 #7360]  INFO -- : 0:  deface (1.0.0) from /Users/peterberkenbosch/.gem/ruby/2.0.0/specifications/deface-1.0.0.gemspec
I, [2014-08-21T10:45:28.946534 #7360]  INFO -- : 0:  diff-lcs (1.2.5) from /Users/peterberkenbosch/.gem/ruby/2.0.0/specifications/diff-lcs-1.2.5.gemspec
I, [2014-08-21T10:45:28.946696 #7360]  INFO -- : 0:  docile (1.1.5) from /Users/peterberkenbosch/.gem/ruby/2.0.0/specifications/docile-1.1.5.gemspec
I, [2014-08-21T10:45:28.946886 #7360]  INFO -- : 0:  factory_girl (4.4.0) from /Users/peterberkenbosch/.gem/ruby/2.0.0/specifications/factory_girl-4.4.0.gemspec
I, [2014-08-21T10:45:28.947067 #7360]  INFO -- : 0:  ffaker (1.25.0) from /Users/peterberkenbosch/.gem/ruby/2.0.0/specifications/ffaker-1.25.0.gemspec
I, [2014-08-21T10:45:28.947232 #7360]  INFO -- : 0:  font-awesome-rails (4.1.0.0) from /Users/peterberkenbosch/.gem/ruby/2.0.0/specifications/font-awesome-rails-4.1.0.0.gemspec
I, [2014-08-21T10:45:28.947407 #7360]  INFO -- : 0:  friendly_id (5.0.4) from /Users/peterberkenbosch/.gem/ruby/2.0.0/specifications/friendly_id-5.0.4.gemspec
I, [2014-08-21T10:45:28.947580 #7360]  INFO -- : 0:  highline (1.6.21) from /Users/peterberkenbosch/.gem/ruby/2.0.0/specifications/highline-1.6.21.gemspec
I, [2014-08-21T10:45:28.947745 #7360]  INFO -- : 0:  multi_xml (0.5.5) from /Users/peterberkenbosch/.gem/ruby/2.0.0/specifications/multi_xml-0.5.5.gemspec
I, [2014-08-21T10:45:28.947916 #7360]  INFO -- : 0:  httparty (0.13.1) from /Users/peterberkenbosch/.gem/ruby/2.0.0/specifications/httparty-0.13.1.gemspec
I, [2014-08-21T10:45:28.948103 #7360]  INFO -- : 0:  jquery-rails (3.1.0) from /Users/peterberkenbosch/.gem/ruby/2.0.0/specifications/jquery-rails-3.1.0.gemspec
I, [2014-08-21T10:45:28.948286 #7360]  INFO -- : 0:  jquery-ui-rails (4.1.2) from /Users/peterberkenbosch/.gem/ruby/2.0.0/specifications/jquery-ui-rails-4.1.2.gemspec
I, [2014-08-21T10:45:28.948468 #7360]  INFO -- : 0:  kaminari (0.15.1) from /Users/peterberkenbosch/.gem/ruby/2.0.0/specifications/kaminari-0.15.1.gemspec
I, [2014-08-21T10:45:28.948645 #7360]  INFO -- : 0:  method_source (0.8.2) from /Users/peterberkenbosch/.gem/ruby/2.0.0/specifications/method_source-0.8.2.gemspec
I, [2014-08-21T10:45:28.948828 #7360]  INFO -- : 0:  monetize (0.3.0) from /Users/peterberkenbosch/.gem/ruby/2.0.0/specifications/monetize-0.3.0.gemspec
I, [2014-08-21T10:45:28.949009 #7360]  INFO -- : 0:  paperclip (4.2.0) from /Users/peterberkenbosch/.gem/ruby/2.0.0/specifications/paperclip-4.2.0.gemspec
I, [2014-08-21T10:45:28.949179 #7360]  INFO -- : 0:  paranoia (2.0.2) from /Users/peterberkenbosch/.gem/ruby/2.0.0/specifications/paranoia-2.0.2.gemspec
I, [2014-08-21T10:45:28.949355 #7360]  INFO -- : 0:  pg (0.17.1) from /Users/peterberkenbosch/.gem/ruby/2.0.0/specifications/pg-0.17.1.gemspec
I, [2014-08-21T10:45:28.949530 #7360]  INFO -- : 0:  polyamorous (1.0.0) from /Users/peterberkenbosch/.gem/ruby/2.0.0/specifications/polyamorous-1.0.0.gemspec
I, [2014-08-21T10:45:28.949703 #7360]  INFO -- : 0:  slop (3.6.0) from /Users/peterberkenbosch/.gem/ruby/2.0.0/specifications/slop-3.6.0.gemspec
I, [2014-08-21T10:45:28.949882 #7360]  INFO -- : 0:  pry (0.10.1) from /Users/peterberkenbosch/.gem/ruby/2.0.0/specifications/pry-0.10.1.gemspec
I, [2014-08-21T10:45:28.950053 #7360]  INFO -- : 0:  pry-rails (0.3.2) from /Users/peterberkenbosch/.gem/ruby/2.0.0/specifications/pry-rails-0.3.2.gemspec
I, [2014-08-21T10:45:28.950253 #7360]  INFO -- : 0:  rabl (0.9.4.pre1) from /Users/peterberkenbosch/.gem/ruby/2.0.0/specifications/rabl-0.9.4.pre1.gemspec
I, [2014-08-21T10:45:28.950416 #7360]  INFO -- : 0:  ransack (1.2.3) from /Users/peterberkenbosch/.gem/ruby/2.0.0/specifications/ransack-1.2.3.gemspec
I, [2014-08-21T10:45:28.950584 #7360]  INFO -- : 0:  rspec-core (2.14.8) from /Users/peterberkenbosch/.gem/ruby/2.0.0/specifications/rspec-core-2.14.8.gemspec
I, [2014-08-21T10:45:28.950757 #7360]  INFO -- : 0:  rspec-expectations (2.14.5) from /Users/peterberkenbosch/.gem/ruby/2.0.0/specifications/rspec-expectations-2.14.5.gemspec
I, [2014-08-21T10:45:28.950954 #7360]  INFO -- : 0:  rspec-mocks (2.14.6) from /Users/peterberkenbosch/.gem/ruby/2.0.0/specifications/rspec-mocks-2.14.6.gemspec
I, [2014-08-21T10:45:28.951130 #7360]  INFO -- : 0:  rspec-rails (2.14.2) from /Users/peterberkenbosch/.gem/ruby/2.0.0/specifications/rspec-rails-2.14.2.gemspec
I, [2014-08-21T10:45:28.951305 #7360]  INFO -- : 0:  rubyzip (1.1.6) from /Users/peterberkenbosch/.gem/ruby/2.0.0/specifications/rubyzip-1.1.6.gemspec
I, [2014-08-21T10:45:28.951496 #7360]  INFO -- : 0:  sass (3.2.19) from /Users/peterberkenbosch/.gem/ruby/2.0.0/specifications/sass-3.2.19.gemspec
I, [2014-08-21T10:45:28.951671 #7360]  INFO -- : 0:  sass-rails (4.0.3) from /Users/peterberkenbosch/.gem/ruby/2.0.0/specifications/sass-rails-4.0.3.gemspec
I, [2014-08-21T10:45:28.951849 #7360]  INFO -- : 0:  select2-rails (3.5.9.1) from /Users/peterberkenbosch/.gem/ruby/2.0.0/specifications/select2-rails-3.5.9.1.gemspec
I, [2014-08-21T10:45:28.952016 #7360]  INFO -- : 0:  websocket (1.0.7) from /Users/peterberkenbosch/.gem/ruby/2.0.0/specifications/websocket-1.0.7.gemspec
I, [2014-08-21T10:45:28.952198 #7360]  INFO -- : 0:  selenium-webdriver (2.42.0) from /Users/peterberkenbosch/.gem/ruby/2.0.0/specifications/selenium-webdriver-2.42.0.gemspec
I, [2014-08-21T10:45:28.952367 #7360]  INFO -- : 0:  simplecov-html (0.8.0) from /Users/peterberkenbosch/.gem/ruby/2.0.0/specifications/simplecov-html-0.8.0.gemspec
I, [2014-08-21T10:45:28.952539 #7360]  INFO -- : 0:  simplecov (0.9.0) from /Users/peterberkenbosch/.gem/ruby/2.0.0/specifications/simplecov-0.9.0.gemspec
I, [2014-08-21T10:45:28.952706 #7360]  INFO -- : 0:  state_machine (1.2.0) from /Users/peterberkenbosch/.gem/ruby/2.0.0/specifications/state_machine-1.2.0.gemspec
I, [2014-08-21T10:45:28.952874 #7360]  INFO -- : 0:  stringex (1.5.1) from /Users/peterberkenbosch/.gem/ruby/2.0.0/specifications/stringex-1.5.1.gemspec
I, [2014-08-21T10:45:28.953044 #7360]  INFO -- : 0:  truncate_html (0.9.2) from /Users/peterberkenbosch/.gem/ruby/2.0.0/specifications/truncate_html-0.9.2.gemspec
I, [2014-08-21T10:45:29.241917 #7360]  INFO -- : 0:  spree_core (2.3.2.beta) from /Users/peterberkenbosch/.gem/ruby/2.0.0/bundler/gems/spree-1e0a7186f14b/core/spree_core.gemspec
I, [2014-08-21T10:45:29.242245 #7360]  INFO -- : 0:  versioncake (2.3.1) from /Users/peterberkenbosch/.gem/ruby/2.0.0/specifications/versioncake-2.3.1.gemspec
I, [2014-08-21T10:45:29.372715 #7360]  INFO -- : 0:  spree_api (2.3.2.beta) from /Users/peterberkenbosch/.gem/ruby/2.0.0/bundler/gems/spree-1e0a7186f14b/api/spree_api.gemspec
I, [2014-08-21T10:45:29.667294 #7360]  INFO -- : 0:  spree_backend (2.3.2.beta) from /Users/peterberkenbosch/.gem/ruby/2.0.0/bundler/gems/spree-1e0a7186f14b/backend/spree_backend.gemspec
I, [2014-08-21T10:45:29.680425 #7360]  INFO -- : 0:  spree_cmd (2.3.2.beta) from /Users/peterberkenbosch/.gem/ruby/2.0.0/bundler/gems/spree-1e0a7186f14b/cmd/spree_cmd.gemspec
I, [2014-08-21T10:45:29.935659 #7360]  INFO -- : 0:  spree_frontend (2.3.2.beta) from /Users/peterberkenbosch/.gem/ruby/2.0.0/bundler/gems/spree-1e0a7186f14b/frontend/spree_frontend.gemspec
I, [2014-08-21T10:45:30.064557 #7360]  INFO -- : 0:  spree_sample (2.3.2.beta) from /Users/peterberkenbosch/.gem/ruby/2.0.0/bundler/gems/spree-1e0a7186f14b/sample/spree_sample.gemspec
I, [2014-08-21T10:45:30.069239 #7360]  INFO -- : 0:  spree (2.3.2.beta) from /Users/peterberkenbosch/.gem/ruby/2.0.0/bundler/gems/spree-1e0a7186f14b/spree.gemspec
I, [2014-08-21T10:45:30.129236 #7360]  INFO -- : 0:  spree_product_assembly (2.2.0.beta) from /Users/peterberkenbosch/code/github/spree/spree-product-assembly/spree_product_assembly.gemspec
I, [2014-08-21T10:45:30.129565 #7360]  INFO -- : 0:  sqlite3 (1.3.9) from /Users/peterberkenbosch/.gem/ruby/2.0.0/specifications/sqlite3-1.3.9.gemspec
I, [2014-08-21T11:08:15.798654 #9468]  INFO -- : 0:  rake (10.3.2) from /Users/peterberkenbosch/.gem/ruby/2.0.0/specifications/rake-10.3.2.gemspec
I, [2014-08-21T11:08:15.798945 #9468]  INFO -- : 0:  i18n (0.6.11) from /Users/peterberkenbosch/.gem/ruby/2.0.0/specifications/i18n-0.6.11.gemspec
I, [2014-08-21T11:08:15.799196 #9468]  INFO -- : 0:  json (1.8.1) from /Users/peterberkenbosch/.gem/ruby/2.0.0/specifications/json-1.8.1.gemspec
I, [2014-08-21T11:08:15.799399 #9468]  INFO -- : 0:  minitest (5.4.0) from /Users/peterberkenbosch/.gem/ruby/2.0.0/specifications/minitest-5.4.0.gemspec
I, [2014-08-21T11:08:15.799602 #9468]  INFO -- : 0:  thread_safe (0.3.4) from /Users/peterberkenbosch/.gem/ruby/2.0.0/specifications/thread_safe-0.3.4.gemspec
I, [2014-08-21T11:08:15.799828 #9468]  INFO -- : 0:  tzinfo (1.2.2) from /Users/peterberkenbosch/.gem/ruby/2.0.0/specifications/tzinfo-1.2.2.gemspec
I, [2014-08-21T11:08:15.800040 #9468]  INFO -- : 0:  activesupport (4.1.5) from /Users/peterberkenbosch/.gem/ruby/2.0.0/specifications/activesupport-4.1.5.gemspec
I, [2014-08-21T11:08:15.800259 #9468]  INFO -- : 0:  builder (3.2.2) from /Users/peterberkenbosch/.gem/ruby/2.0.0/specifications/builder-3.2.2.gemspec
I, [2014-08-21T11:08:15.800455 #9468]  INFO -- : 0:  erubis (2.7.0) from /Users/peterberkenbosch/.gem/ruby/2.0.0/specifications/erubis-2.7.0.gemspec
I, [2014-08-21T11:08:15.800676 #9468]  INFO -- : 0:  actionview (4.1.5) from /Users/peterberkenbosch/.gem/ruby/2.0.0/specifications/actionview-4.1.5.gemspec
I, [2014-08-21T11:08:15.800869 #9468]  INFO -- : 0:  rack (1.5.2) from /Users/peterberkenbosch/.gem/ruby/2.0.0/specifications/rack-1.5.2.gemspec
I, [2014-08-21T11:08:15.801079 #9468]  INFO -- : 0:  rack-test (0.6.2) from /Users/peterberkenbosch/.gem/ruby/2.0.0/specifications/rack-test-0.6.2.gemspec
I, [2014-08-21T11:08:15.801290 #9468]  INFO -- : 0:  actionpack (4.1.5) from /Users/peterberkenbosch/.gem/ruby/2.0.0/specifications/actionpack-4.1.5.gemspec
I, [2014-08-21T11:08:15.801523 #9468]  INFO -- : 0:  mime-types (1.25.1) from /Users/peterberkenbosch/.gem/ruby/2.0.0/specifications/mime-types-1.25.1.gemspec
I, [2014-08-21T11:08:15.801711 #9468]  INFO -- : 0:  polyglot (0.3.5) from /Users/peterberkenbosch/.gem/ruby/2.0.0/specifications/polyglot-0.3.5.gemspec
I, [2014-08-21T11:08:15.801899 #9468]  INFO -- : 0:  treetop (1.4.15) from /Users/peterberkenbosch/.gem/ruby/2.0.0/specifications/treetop-1.4.15.gemspec
I, [2014-08-21T11:08:15.802106 #9468]  INFO -- : 0:  mail (2.5.4) from /Users/peterberkenbosch/.gem/ruby/2.0.0/specifications/mail-2.5.4.gemspec
I, [2014-08-21T11:08:15.802314 #9468]  INFO -- : 0:  actionmailer (4.1.5) from /Users/peterberkenbosch/.gem/ruby/2.0.0/specifications/actionmailer-4.1.5.gemspec
I, [2014-08-21T11:08:15.802546 #9468]  INFO -- : 0:  activemodel (4.1.5) from /Users/peterberkenbosch/.gem/ruby/2.0.0/specifications/activemodel-4.1.5.gemspec
I, [2014-08-21T11:08:15.802733 #9468]  INFO -- : 0:  active_model_serializers (0.9.0.alpha1) from /Users/peterberkenbosch/.gem/ruby/2.0.0/specifications/active_model_serializers-0.9.0.alpha1.gemspec
I, [2014-08-21T11:08:15.802935 #9468]  INFO -- : 0:  active_utils (2.2.3) from /Users/peterberkenbosch/.gem/ruby/2.0.0/specifications/active_utils-2.2.3.gemspec
I, [2014-08-21T11:08:15.803126 #9468]  INFO -- : 0:  money (6.1.1) from /Users/peterberkenbosch/.gem/ruby/2.0.0/specifications/money-6.1.1.gemspec
I, [2014-08-21T11:08:15.803349 #9468]  INFO -- : 0:  mini_portile (0.6.0) from /Users/peterberkenbosch/.gem/ruby/2.0.0/specifications/mini_portile-0.6.0.gemspec
I, [2014-08-21T11:08:15.803526 #9468]  INFO -- : 0:  nokogiri (1.6.3.1) from /Users/peterberkenbosch/.gem/ruby/2.0.0/specifications/nokogiri-1.6.3.1.gemspec
I, [2014-08-21T11:08:15.803726 #9468]  INFO -- : 0:  activemerchant (1.43.3) from /Users/peterberkenbosch/.gem/ruby/2.0.0/specifications/activemerchant-1.43.3.gemspec
I, [2014-08-21T11:08:15.803893 #9468]  INFO -- : 0:  arel (5.0.1.20140414130214) from /Users/peterberkenbosch/.gem/ruby/2.0.0/specifications/arel-5.0.1.20140414130214.gemspec
I, [2014-08-21T11:08:15.804097 #9468]  INFO -- : 0:  activerecord (4.1.5) from /Users/peterberkenbosch/.gem/ruby/2.0.0/specifications/activerecord-4.1.5.gemspec
I, [2014-08-21T11:08:15.804265 #9468]  INFO -- : 0:  acts_as_list (0.3.0) from /Users/peterberkenbosch/.gem/ruby/2.0.0/specifications/acts_as_list-0.3.0.gemspec
I, [2014-08-21T11:08:15.804465 #9468]  INFO -- : 0:  awesome_nested_set (3.0.0) from /Users/peterberkenbosch/.gem/ruby/2.0.0/specifications/awesome_nested_set-3.0.0.gemspec
I, [2014-08-21T11:08:15.804620 #9468]  INFO -- : 0:  uuidtools (2.1.5) from /Users/peterberkenbosch/.gem/ruby/2.0.0/specifications/uuidtools-2.1.5.gemspec
I, [2014-08-21T11:08:15.804783 #9468]  INFO -- : 0:  aws-sdk (1.27.0) from /Users/peterberkenbosch/.gem/ruby/2.0.0/specifications/aws-sdk-1.27.0.gemspec
I, [2014-08-21T11:08:15.804938 #9468]  INFO -- : 0:  bundler (1.5.1) from /Users/peterberkenbosch/.gem/ruby/2.0.0/specifications/bundler-1.5.1.gemspec
I, [2014-08-21T11:08:15.805090 #9468]  INFO -- : 0:  cancancan (1.8.4) from /Users/peterberkenbosch/.gem/ruby/2.0.0/specifications/cancancan-1.8.4.gemspec
I, [2014-08-21T11:08:15.805271 #9468]  INFO -- : 0:  thor (0.19.1) from /Users/peterberkenbosch/.gem/ruby/2.0.0/specifications/thor-0.19.1.gemspec
I, [2014-08-21T11:08:15.805446 #9468]  INFO -- : 0:  railties (4.1.5) from /Users/peterberkenbosch/.gem/ruby/2.0.0/specifications/railties-4.1.5.gemspec
I, [2014-08-21T11:08:15.805945 #9468]  INFO -- : 0:  hike (1.2.3) from /Users/peterberkenbosch/.gem/ruby/2.0.0/specifications/hike-1.2.3.gemspec
I, [2014-08-21T11:08:15.806131 #9468]  INFO -- : 0:  multi_json (1.10.1) from /Users/peterberkenbosch/.gem/ruby/2.0.0/specifications/multi_json-1.10.1.gemspec
I, [2014-08-21T11:08:15.806331 #9468]  INFO -- : 0:  tilt (1.4.1) from /Users/peterberkenbosch/.gem/ruby/2.0.0/specifications/tilt-1.4.1.gemspec
I, [2014-08-21T11:08:15.806507 #9468]  INFO -- : 0:  sprockets (2.11.0) from /Users/peterberkenbosch/.gem/ruby/2.0.0/specifications/sprockets-2.11.0.gemspec
I, [2014-08-21T11:08:15.806704 #9468]  INFO -- : 0:  sprockets-rails (2.1.3) from /Users/peterberkenbosch/.gem/ruby/2.0.0/specifications/sprockets-rails-2.1.3.gemspec
I, [2014-08-21T11:08:15.806890 #9468]  INFO -- : 0:  rails (4.1.5) from /Users/peterberkenbosch/.gem/ruby/2.0.0/specifications/rails-4.1.5.gemspec
I, [2014-08-21T11:08:15.807068 #9468]  INFO -- : 0:  canonical-rails (0.0.7) from /Users/peterberkenbosch/.gem/ruby/2.0.0/specifications/canonical-rails-0.0.7.gemspec
I, [2014-08-21T11:08:15.807245 #9468]  INFO -- : 0:  xpath (2.0.0) from /Users/peterberkenbosch/.gem/ruby/2.0.0/specifications/xpath-2.0.0.gemspec
I, [2014-08-21T11:08:15.807409 #9468]  INFO -- : 0:  capybara (2.2.1) from /Users/peterberkenbosch/.gem/ruby/2.0.0/specifications/capybara-2.2.1.gemspec
I, [2014-08-21T11:08:15.807581 #9468]  INFO -- : 0:  ffi (1.9.3) from /Users/peterberkenbosch/.gem/ruby/2.0.0/specifications/ffi-1.9.3.gemspec
I, [2014-08-21T11:08:15.807740 #9468]  INFO -- : 0:  childprocess (0.5.3) from /Users/peterberkenbosch/.gem/ruby/2.0.0/specifications/childprocess-0.5.3.gemspec
I, [2014-08-21T11:08:15.807917 #9468]  INFO -- : 0:  climate_control (0.0.3) from /Users/peterberkenbosch/.gem/ruby/2.0.0/specifications/climate_control-0.0.3.gemspec
I, [2014-08-21T11:08:15.808074 #9468]  INFO -- : 0:  cocaine (0.5.4) from /Users/peterberkenbosch/.gem/ruby/2.0.0/specifications/cocaine-0.5.4.gemspec
I, [2014-08-21T11:08:15.808252 #9468]  INFO -- : 0:  coderay (1.1.0) from /Users/peterberkenbosch/.gem/ruby/2.0.0/specifications/coderay-1.1.0.gemspec
I, [2014-08-21T11:08:15.808411 #9468]  INFO -- : 0:  coffee-script-source (1.7.1) from /Users/peterberkenbosch/.gem/ruby/2.0.0/specifications/coffee-script-source-1.7.1.gemspec
I, [2014-08-21T11:08:15.808595 #9468]  INFO -- : 0:  execjs (2.2.1) from /Users/peterberkenbosch/.gem/ruby/2.0.0/specifications/execjs-2.2.1.gemspec
I, [2014-08-21T11:08:15.808748 #9468]  INFO -- : 0:  coffee-script (2.3.0) from /Users/peterberkenbosch/.gem/ruby/2.0.0/specifications/coffee-script-2.3.0.gemspec
I, [2014-08-21T11:08:15.808905 #9468]  INFO -- : 0:  coffee-rails (4.0.1) from /Users/peterberkenbosch/.gem/ruby/2.0.0/specifications/coffee-rails-4.0.1.gemspec
I, [2014-08-21T11:08:15.809098 #9468]  INFO -- : 0:  colorize (0.7.3) from /Users/peterberkenbosch/.gem/ruby/2.0.0/specifications/colorize-0.7.3.gemspec
I, [2014-08-21T11:08:15.809261 #9468]  INFO -- : 0:  deface (1.0.0) from /Users/peterberkenbosch/.gem/ruby/2.0.0/specifications/deface-1.0.0.gemspec
I, [2014-08-21T11:08:15.809444 #9468]  INFO -- : 0:  diff-lcs (1.2.5) from /Users/peterberkenbosch/.gem/ruby/2.0.0/specifications/diff-lcs-1.2.5.gemspec
I, [2014-08-21T11:08:15.809604 #9468]  INFO -- : 0:  docile (1.1.5) from /Users/peterberkenbosch/.gem/ruby/2.0.0/specifications/docile-1.1.5.gemspec
I, [2014-08-21T11:08:15.809791 #9468]  INFO -- : 0:  factory_girl (4.4.0) from /Users/peterberkenbosch/.gem/ruby/2.0.0/specifications/factory_girl-4.4.0.gemspec
I, [2014-08-21T11:08:15.809956 #9468]  INFO -- : 0:  ffaker (1.25.0) from /Users/peterberkenbosch/.gem/ruby/2.0.0/specifications/ffaker-1.25.0.gemspec
I, [2014-08-21T11:08:15.810128 #9468]  INFO -- : 0:  font-awesome-rails (4.1.0.0) from /Users/peterberkenbosch/.gem/ruby/2.0.0/specifications/font-awesome-rails-4.1.0.0.gemspec
I, [2014-08-21T11:08:15.810294 #9468]  INFO -- : 0:  friendly_id (5.0.4) from /Users/peterberkenbosch/.gem/ruby/2.0.0/specifications/friendly_id-5.0.4.gemspec
I, [2014-08-21T11:08:15.810486 #9468]  INFO -- : 0:  highline (1.6.21) from /Users/peterberkenbosch/.gem/ruby/2.0.0/specifications/highline-1.6.21.gemspec
I, [2014-08-21T11:08:15.810638 #9468]  INFO -- : 0:  multi_xml (0.5.5) from /Users/peterberkenbosch/.gem/ruby/2.0.0/specifications/multi_xml-0.5.5.gemspec
I, [2014-08-21T11:08:15.810819 #9468]  INFO -- : 0:  httparty (0.13.1) from /Users/peterberkenbosch/.gem/ruby/2.0.0/specifications/httparty-0.13.1.gemspec
I, [2014-08-21T11:08:15.810978 #9468]  INFO -- : 0:  jquery-rails (3.1.0) from /Users/peterberkenbosch/.gem/ruby/2.0.0/specifications/jquery-rails-3.1.0.gemspec
I, [2014-08-21T11:08:15.811161 #9468]  INFO -- : 0:  jquery-ui-rails (4.1.2) from /Users/peterberkenbosch/.gem/ruby/2.0.0/specifications/jquery-ui-rails-4.1.2.gemspec
I, [2014-08-21T11:08:15.811315 #9468]  INFO -- : 0:  kaminari (0.15.1) from /Users/peterberkenbosch/.gem/ruby/2.0.0/specifications/kaminari-0.15.1.gemspec
I, [2014-08-21T11:08:15.811473 #9468]  INFO -- : 0:  method_source (0.8.2) from /Users/peterberkenbosch/.gem/ruby/2.0.0/specifications/method_source-0.8.2.gemspec
I, [2014-08-21T11:08:15.811656 #9468]  INFO -- : 0:  monetize (0.3.0) from /Users/peterberkenbosch/.gem/ruby/2.0.0/specifications/monetize-0.3.0.gemspec
I, [2014-08-21T11:08:15.811813 #9468]  INFO -- : 0:  paperclip (4.2.0) from /Users/peterberkenbosch/.gem/ruby/2.0.0/specifications/paperclip-4.2.0.gemspec
I, [2014-08-21T11:08:15.811995 #9468]  INFO -- : 0:  paranoia (2.0.2) from /Users/peterberkenbosch/.gem/ruby/2.0.0/specifications/paranoia-2.0.2.gemspec
I, [2014-08-21T11:08:15.812150 #9468]  INFO -- : 0:  pg (0.17.1) from /Users/peterberkenbosch/.gem/ruby/2.0.0/specifications/pg-0.17.1.gemspec
I, [2014-08-21T11:08:15.812332 #9468]  INFO -- : 0:  polyamorous (1.0.0) from /Users/peterberkenbosch/.gem/ruby/2.0.0/specifications/polyamorous-1.0.0.gemspec
I, [2014-08-21T11:08:15.812491 #9468]  INFO -- : 0:  slop (3.6.0) from /Users/peterberkenbosch/.gem/ruby/2.0.0/specifications/slop-3.6.0.gemspec
I, [2014-08-21T11:08:15.812675 #9468]  INFO -- : 0:  pry (0.10.1) from /Users/peterberkenbosch/.gem/ruby/2.0.0/specifications/pry-0.10.1.gemspec
I, [2014-08-21T11:08:15.812829 #9468]  INFO -- : 0:  pry-rails (0.3.2) from /Users/peterberkenbosch/.gem/ruby/2.0.0/specifications/pry-rails-0.3.2.gemspec
I, [2014-08-21T11:08:15.813011 #9468]  INFO -- : 0:  rabl (0.9.4.pre1) from /Users/peterberkenbosch/.gem/ruby/2.0.0/specifications/rabl-0.9.4.pre1.gemspec
I, [2014-08-21T11:08:15.813171 #9468]  INFO -- : 0:  ransack (1.2.3) from /Users/peterberkenbosch/.gem/ruby/2.0.0/specifications/ransack-1.2.3.gemspec
I, [2014-08-21T11:08:15.813336 #9468]  INFO -- : 0:  rspec-core (2.14.8) from /Users/peterberkenbosch/.gem/ruby/2.0.0/specifications/rspec-core-2.14.8.gemspec
I, [2014-08-21T11:08:15.813564 #9468]  INFO -- : 0:  rspec-expectations (2.14.5) from /Users/peterberkenbosch/.gem/ruby/2.0.0/specifications/rspec-expectations-2.14.5.gemspec
I, [2014-08-21T11:08:15.813737 #9468]  INFO -- : 0:  rspec-mocks (2.14.6) from /Users/peterberkenbosch/.gem/ruby/2.0.0/specifications/rspec-mocks-2.14.6.gemspec
I, [2014-08-21T11:08:15.813930 #9468]  INFO -- : 0:  rspec-rails (2.14.2) from /Users/peterberkenbosch/.gem/ruby/2.0.0/specifications/rspec-rails-2.14.2.gemspec
I, [2014-08-21T11:08:15.814091 #9468]  INFO -- : 0:  rubyzip (1.1.6) from /Users/peterberkenbosch/.gem/ruby/2.0.0/specifications/rubyzip-1.1.6.gemspec
I, [2014-08-21T11:08:15.814284 #9468]  INFO -- : 0:  sass (3.2.19) from /Users/peterberkenbosch/.gem/ruby/2.0.0/specifications/sass-3.2.19.gemspec
I, [2014-08-21T11:08:15.814461 #9468]  INFO -- : 0:  sass-rails (4.0.3) from /Users/peterberkenbosch/.gem/ruby/2.0.0/specifications/sass-rails-4.0.3.gemspec
I, [2014-08-21T11:08:15.814651 #9468]  INFO -- : 0:  select2-rails (3.5.9.1) from /Users/peterberkenbosch/.gem/ruby/2.0.0/specifications/select2-rails-3.5.9.1.gemspec
I, [2014-08-21T11:08:15.814809 #9468]  INFO -- : 0:  websocket (1.0.7) from /Users/peterberkenbosch/.gem/ruby/2.0.0/specifications/websocket-1.0.7.gemspec
I, [2014-08-21T11:08:15.815006 #9468]  INFO -- : 0:  selenium-webdriver (2.42.0) from /Users/peterberkenbosch/.gem/ruby/2.0.0/specifications/selenium-webdriver-2.42.0.gemspec
I, [2014-08-21T11:08:15.815172 #9468]  INFO -- : 0:  simplecov-html (0.8.0) from /Users/peterberkenbosch/.gem/ruby/2.0.0/specifications/simplecov-html-0.8.0.gemspec
I, [2014-08-21T11:08:15.815330 #9468]  INFO -- : 0:  simplecov (0.9.0) from /Users/peterberkenbosch/.gem/ruby/2.0.0/specifications/simplecov-0.9.0.gemspec
I, [2014-08-21T11:08:15.815513 #9468]  INFO -- : 0:  state_machine (1.2.0) from /Users/peterberkenbosch/.gem/ruby/2.0.0/specifications/state_machine-1.2.0.gemspec
I, [2014-08-21T11:08:15.815670 #9468]  INFO -- : 0:  stringex (1.5.1) from /Users/peterberkenbosch/.gem/ruby/2.0.0/specifications/stringex-1.5.1.gemspec
I, [2014-08-21T11:08:15.815848 #9468]  INFO -- : 0:  truncate_html (0.9.2) from /Users/peterberkenbosch/.gem/ruby/2.0.0/specifications/truncate_html-0.9.2.gemspec
I, [2014-08-21T11:08:16.077800 #9468]  INFO -- : 0:  spree_core (2.3.2.beta) from /Users/peterberkenbosch/.gem/ruby/2.0.0/bundler/gems/spree-1e0a7186f14b/core/spree_core.gemspec
I, [2014-08-21T11:08:16.078130 #9468]  INFO -- : 0:  versioncake (2.3.1) from /Users/peterberkenbosch/.gem/ruby/2.0.0/specifications/versioncake-2.3.1.gemspec
I, [2014-08-21T11:08:16.167008 #9468]  INFO -- : 0:  spree_api (2.3.2.beta) from /Users/peterberkenbosch/.gem/ruby/2.0.0/bundler/gems/spree-1e0a7186f14b/api/spree_api.gemspec
I, [2014-08-21T11:08:16.391049 #9468]  INFO -- : 0:  spree_backend (2.3.2.beta) from /Users/peterberkenbosch/.gem/ruby/2.0.0/bundler/gems/spree-1e0a7186f14b/backend/spree_backend.gemspec
I, [2014-08-21T11:08:16.403986 #9468]  INFO -- : 0:  spree_cmd (2.3.2.beta) from /Users/peterberkenbosch/.gem/ruby/2.0.0/bundler/gems/spree-1e0a7186f14b/cmd/spree_cmd.gemspec
I, [2014-08-21T11:08:16.573773 #9468]  INFO -- : 0:  spree_frontend (2.3.2.beta) from /Users/peterberkenbosch/.gem/ruby/2.0.0/bundler/gems/spree-1e0a7186f14b/frontend/spree_frontend.gemspec
I, [2014-08-21T11:08:16.656371 #9468]  INFO -- : 0:  spree_sample (2.3.2.beta) from /Users/peterberkenbosch/.gem/ruby/2.0.0/bundler/gems/spree-1e0a7186f14b/sample/spree_sample.gemspec
I, [2014-08-21T11:08:16.661047 #9468]  INFO -- : 0:  spree (2.3.2.beta) from /Users/peterberkenbosch/.gem/ruby/2.0.0/bundler/gems/spree-1e0a7186f14b/spree.gemspec
I, [2014-08-21T11:08:16.704107 #9468]  INFO -- : 0:  spree_product_assembly (2.2.0.beta) from /Users/peterberkenbosch/code/github/spree/spree-product-assembly/spree_product_assembly.gemspec
I, [2014-08-21T11:08:16.704383 #9468]  INFO -- : 0:  sqlite3 (1.3.9) from /Users/peterberkenbosch/.gem/ruby/2.0.0/specifications/sqlite3-1.3.9.gemspec
I, [2014-08-21T11:16:20.673012 #9679]  INFO -- : 0:  rake (10.3.2) from /Users/peterberkenbosch/.gem/ruby/2.0.0/specifications/rake-10.3.2.gemspec
I, [2014-08-21T11:16:20.673299 #9679]  INFO -- : 0:  i18n (0.6.11) from /Users/peterberkenbosch/.gem/ruby/2.0.0/specifications/i18n-0.6.11.gemspec
I, [2014-08-21T11:16:20.673517 #9679]  INFO -- : 0:  json (1.8.1) from /Users/peterberkenbosch/.gem/ruby/2.0.0/specifications/json-1.8.1.gemspec
I, [2014-08-21T11:16:20.673746 #9679]  INFO -- : 0:  minitest (5.4.0) from /Users/peterberkenbosch/.gem/ruby/2.0.0/specifications/minitest-5.4.0.gemspec
I, [2014-08-21T11:16:20.673982 #9679]  INFO -- : 0:  thread_safe (0.3.4) from /Users/peterberkenbosch/.gem/ruby/2.0.0/specifications/thread_safe-0.3.4.gemspec
I, [2014-08-21T11:16:20.674208 #9679]  INFO -- : 0:  tzinfo (1.2.2) from /Users/peterberkenbosch/.gem/ruby/2.0.0/specifications/tzinfo-1.2.2.gemspec
I, [2014-08-21T11:16:20.674440 #9679]  INFO -- : 0:  activesupport (4.1.5) from /Users/peterberkenbosch/.gem/ruby/2.0.0/specifications/activesupport-4.1.5.gemspec
I, [2014-08-21T11:16:20.674662 #9679]  INFO -- : 0:  builder (3.2.2) from /Users/peterberkenbosch/.gem/ruby/2.0.0/specifications/builder-3.2.2.gemspec
I, [2014-08-21T11:16:20.674873 #9679]  INFO -- : 0:  erubis (2.7.0) from /Users/peterberkenbosch/.gem/ruby/2.0.0/specifications/erubis-2.7.0.gemspec
I, [2014-08-21T11:16:20.675088 #9679]  INFO -- : 0:  actionview (4.1.5) from /Users/peterberkenbosch/.gem/ruby/2.0.0/specifications/actionview-4.1.5.gemspec
I, [2014-08-21T11:16:20.675312 #9679]  INFO -- : 0:  rack (1.5.2) from /Users/peterberkenbosch/.gem/ruby/2.0.0/specifications/rack-1.5.2.gemspec
I, [2014-08-21T11:16:20.675529 #9679]  INFO -- : 0:  rack-test (0.6.2) from /Users/peterberkenbosch/.gem/ruby/2.0.0/specifications/rack-test-0.6.2.gemspec
I, [2014-08-21T11:16:20.675764 #9679]  INFO -- : 0:  actionpack (4.1.5) from /Users/peterberkenbosch/.gem/ruby/2.0.0/specifications/actionpack-4.1.5.gemspec
I, [2014-08-21T11:16:20.676000 #9679]  INFO -- : 0:  mime-types (1.25.1) from /Users/peterberkenbosch/.gem/ruby/2.0.0/specifications/mime-types-1.25.1.gemspec
I, [2014-08-21T11:16:20.676228 #9679]  INFO -- : 0:  polyglot (0.3.5) from /Users/peterberkenbosch/.gem/ruby/2.0.0/specifications/polyglot-0.3.5.gemspec
I, [2014-08-21T11:16:20.676446 #9679]  INFO -- : 0:  treetop (1.4.15) from /Users/peterberkenbosch/.gem/ruby/2.0.0/specifications/treetop-1.4.15.gemspec
I, [2014-08-21T11:16:20.676616 #9679]  INFO -- : 0:  mail (2.5.4) from /Users/peterberkenbosch/.gem/ruby/2.0.0/specifications/mail-2.5.4.gemspec
I, [2014-08-21T11:16:20.676810 #9679]  INFO -- : 0:  actionmailer (4.1.5) from /Users/peterberkenbosch/.gem/ruby/2.0.0/specifications/actionmailer-4.1.5.gemspec
I, [2014-08-21T11:16:20.677073 #9679]  INFO -- : 0:  activemodel (4.1.5) from /Users/peterberkenbosch/.gem/ruby/2.0.0/specifications/activemodel-4.1.5.gemspec
I, [2014-08-21T11:16:20.677261 #9679]  INFO -- : 0:  active_model_serializers (0.9.0.alpha1) from /Users/peterberkenbosch/.gem/ruby/2.0.0/specifications/active_model_serializers-0.9.0.alpha1.gemspec
I, [2014-08-21T11:16:20.677446 #9679]  INFO -- : 0:  active_utils (2.2.3) from /Users/peterberkenbosch/.gem/ruby/2.0.0/specifications/active_utils-2.2.3.gemspec
I, [2014-08-21T11:16:20.677640 #9679]  INFO -- : 0:  money (6.1.1) from /Users/peterberkenbosch/.gem/ruby/2.0.0/specifications/money-6.1.1.gemspec
I, [2014-08-21T11:16:20.677833 #9679]  INFO -- : 0:  mini_portile (0.6.0) from /Users/peterberkenbosch/.gem/ruby/2.0.0/specifications/mini_portile-0.6.0.gemspec
I, [2014-08-21T11:16:20.678038 #9679]  INFO -- : 0:  nokogiri (1.6.3.1) from /Users/peterberkenbosch/.gem/ruby/2.0.0/specifications/nokogiri-1.6.3.1.gemspec
I, [2014-08-21T11:16:20.678293 #9679]  INFO -- : 0:  activemerchant (1.43.3) from /Users/peterberkenbosch/.gem/ruby/2.0.0/specifications/activemerchant-1.43.3.gemspec
I, [2014-08-21T11:16:20.678556 #9679]  INFO -- : 0:  arel (5.0.1.20140414130214) from /Users/peterberkenbosch/.gem/ruby/2.0.0/specifications/arel-5.0.1.20140414130214.gemspec
I, [2014-08-21T11:16:20.678807 #9679]  INFO -- : 0:  activerecord (4.1.5) from /Users/peterberkenbosch/.gem/ruby/2.0.0/specifications/activerecord-4.1.5.gemspec
I, [2014-08-21T11:16:20.679059 #9679]  INFO -- : 0:  acts_as_list (0.3.0) from /Users/peterberkenbosch/.gem/ruby/2.0.0/specifications/acts_as_list-0.3.0.gemspec
I, [2014-08-21T11:16:20.679320 #9679]  INFO -- : 0:  awesome_nested_set (3.0.0) from /Users/peterberkenbosch/.gem/ruby/2.0.0/specifications/awesome_nested_set-3.0.0.gemspec
I, [2014-08-21T11:16:20.679559 #9679]  INFO -- : 0:  uuidtools (2.1.5) from /Users/peterberkenbosch/.gem/ruby/2.0.0/specifications/uuidtools-2.1.5.gemspec
I, [2014-08-21T11:16:20.679783 #9679]  INFO -- : 0:  aws-sdk (1.27.0) from /Users/peterberkenbosch/.gem/ruby/2.0.0/specifications/aws-sdk-1.27.0.gemspec
I, [2014-08-21T11:16:20.679983 #9679]  INFO -- : 0:  bundler (1.5.1) from /Users/peterberkenbosch/.gem/ruby/2.0.0/specifications/bundler-1.5.1.gemspec
I, [2014-08-21T11:16:20.680195 #9679]  INFO -- : 0:  cancancan (1.8.4) from /Users/peterberkenbosch/.gem/ruby/2.0.0/specifications/cancancan-1.8.4.gemspec
I, [2014-08-21T11:16:20.680422 #9679]  INFO -- : 0:  thor (0.19.1) from /Users/peterberkenbosch/.gem/ruby/2.0.0/specifications/thor-0.19.1.gemspec
I, [2014-08-21T11:16:20.680644 #9679]  INFO -- : 0:  railties (4.1.5) from /Users/peterberkenbosch/.gem/ruby/2.0.0/specifications/railties-4.1.5.gemspec
I, [2014-08-21T11:16:20.680861 #9679]  INFO -- : 0:  hike (1.2.3) from /Users/peterberkenbosch/.gem/ruby/2.0.0/specifications/hike-1.2.3.gemspec
I, [2014-08-21T11:16:20.681080 #9679]  INFO -- : 0:  multi_json (1.10.1) from /Users/peterberkenbosch/.gem/ruby/2.0.0/specifications/multi_json-1.10.1.gemspec
I, [2014-08-21T11:16:20.681290 #9679]  INFO -- : 0:  tilt (1.4.1) from /Users/peterberkenbosch/.gem/ruby/2.0.0/specifications/tilt-1.4.1.gemspec
I, [2014-08-21T11:16:20.681478 #9679]  INFO -- : 0:  sprockets (2.11.0) from /Users/peterberkenbosch/.gem/ruby/2.0.0/specifications/sprockets-2.11.0.gemspec
I, [2014-08-21T11:16:20.681657 #9679]  INFO -- : 0:  sprockets-rails (2.1.3) from /Users/peterberkenbosch/.gem/ruby/2.0.0/specifications/sprockets-rails-2.1.3.gemspec
I, [2014-08-21T11:16:20.681859 #9679]  INFO -- : 0:  rails (4.1.5) from /Users/peterberkenbosch/.gem/ruby/2.0.0/specifications/rails-4.1.5.gemspec
I, [2014-08-21T11:16:20.682032 #9679]  INFO -- : 0:  canonical-rails (0.0.7) from /Users/peterberkenbosch/.gem/ruby/2.0.0/specifications/canonical-rails-0.0.7.gemspec
I, [2014-08-21T11:16:20.682213 #9679]  INFO -- : 0:  xpath (2.0.0) from /Users/peterberkenbosch/.gem/ruby/2.0.0/specifications/xpath-2.0.0.gemspec
I, [2014-08-21T11:16:20.682411 #9679]  INFO -- : 0:  capybara (2.2.1) from /Users/peterberkenbosch/.gem/ruby/2.0.0/specifications/capybara-2.2.1.gemspec
I, [2014-08-21T11:16:20.682606 #9679]  INFO -- : 0:  ffi (1.9.3) from /Users/peterberkenbosch/.gem/ruby/2.0.0/specifications/ffi-1.9.3.gemspec
I, [2014-08-21T11:16:20.682774 #9679]  INFO -- : 0:  childprocess (0.5.3) from /Users/peterberkenbosch/.gem/ruby/2.0.0/specifications/childprocess-0.5.3.gemspec
I, [2014-08-21T11:16:20.684414 #9679]  INFO -- : 0:  climate_control (0.0.3) from /Users/peterberkenbosch/.gem/ruby/2.0.0/specifications/climate_control-0.0.3.gemspec
I, [2014-08-21T11:16:20.684586 #9679]  INFO -- : 0:  cocaine (0.5.4) from /Users/peterberkenbosch/.gem/ruby/2.0.0/specifications/cocaine-0.5.4.gemspec
I, [2014-08-21T11:16:20.686274 #9679]  INFO -- : 0:  coderay (1.1.0) from /Users/peterberkenbosch/.gem/ruby/2.0.0/specifications/coderay-1.1.0.gemspec
I, [2014-08-21T11:16:20.687384 #9679]  INFO -- : 0:  coffee-script-source (1.7.1) from /Users/peterberkenbosch/.gem/ruby/2.0.0/specifications/coffee-script-source-1.7.1.gemspec
I, [2014-08-21T11:16:20.687589 #9679]  INFO -- : 0:  execjs (2.2.1) from /Users/peterberkenbosch/.gem/ruby/2.0.0/specifications/execjs-2.2.1.gemspec
I, [2014-08-21T11:16:20.687789 #9679]  INFO -- : 0:  coffee-script (2.3.0) from /Users/peterberkenbosch/.gem/ruby/2.0.0/specifications/coffee-script-2.3.0.gemspec
I, [2014-08-21T11:16:20.687980 #9679]  INFO -- : 0:  coffee-rails (4.0.1) from /Users/peterberkenbosch/.gem/ruby/2.0.0/specifications/coffee-rails-4.0.1.gemspec
I, [2014-08-21T11:16:20.688197 #9679]  INFO -- : 0:  colorize (0.7.3) from /Users/peterberkenbosch/.gem/ruby/2.0.0/specifications/colorize-0.7.3.gemspec
I, [2014-08-21T11:16:20.688401 #9679]  INFO -- : 0:  deface (1.0.0) from /Users/peterberkenbosch/.gem/ruby/2.0.0/specifications/deface-1.0.0.gemspec
I, [2014-08-21T11:16:20.688635 #9679]  INFO -- : 0:  diff-lcs (1.2.5) from /Users/peterberkenbosch/.gem/ruby/2.0.0/specifications/diff-lcs-1.2.5.gemspec
I, [2014-08-21T11:16:20.688826 #9679]  INFO -- : 0:  docile (1.1.5) from /Users/peterberkenbosch/.gem/ruby/2.0.0/specifications/docile-1.1.5.gemspec
I, [2014-08-21T11:16:20.689013 #9679]  INFO -- : 0:  factory_girl (4.4.0) from /Users/peterberkenbosch/.gem/ruby/2.0.0/specifications/factory_girl-4.4.0.gemspec
I, [2014-08-21T11:16:20.689207 #9679]  INFO -- : 0:  ffaker (1.25.0) from /Users/peterberkenbosch/.gem/ruby/2.0.0/specifications/ffaker-1.25.0.gemspec
I, [2014-08-21T11:16:20.689386 #9679]  INFO -- : 0:  font-awesome-rails (4.1.0.0) from /Users/peterberkenbosch/.gem/ruby/2.0.0/specifications/font-awesome-rails-4.1.0.0.gemspec
I, [2014-08-21T11:16:20.689571 #9679]  INFO -- : 0:  friendly_id (5.0.4) from /Users/peterberkenbosch/.gem/ruby/2.0.0/specifications/friendly_id-5.0.4.gemspec
I, [2014-08-21T11:16:20.689764 #9679]  INFO -- : 0:  highline (1.6.21) from /Users/peterberkenbosch/.gem/ruby/2.0.0/specifications/highline-1.6.21.gemspec
I, [2014-08-21T11:16:20.689931 #9679]  INFO -- : 0:  multi_xml (0.5.5) from /Users/peterberkenbosch/.gem/ruby/2.0.0/specifications/multi_xml-0.5.5.gemspec
I, [2014-08-21T11:16:20.690103 #9679]  INFO -- : 0:  httparty (0.13.1) from /Users/peterberkenbosch/.gem/ruby/2.0.0/specifications/httparty-0.13.1.gemspec
I, [2014-08-21T11:16:20.690276 #9679]  INFO -- : 0:  jquery-rails (3.1.0) from /Users/peterberkenbosch/.gem/ruby/2.0.0/specifications/jquery-rails-3.1.0.gemspec
I, [2014-08-21T11:16:20.690518 #9679]  INFO -- : 0:  jquery-ui-rails (4.1.2) from /Users/peterberkenbosch/.gem/ruby/2.0.0/specifications/jquery-ui-rails-4.1.2.gemspec
I, [2014-08-21T11:16:20.690743 #9679]  INFO -- : 0:  kaminari (0.15.1) from /Users/peterberkenbosch/.gem/ruby/2.0.0/specifications/kaminari-0.15.1.gemspec
I, [2014-08-21T11:16:20.690956 #9679]  INFO -- : 0:  method_source (0.8.2) from /Users/peterberkenbosch/.gem/ruby/2.0.0/specifications/method_source-0.8.2.gemspec
I, [2014-08-21T11:16:20.691162 #9679]  INFO -- : 0:  monetize (0.3.0) from /Users/peterberkenbosch/.gem/ruby/2.0.0/specifications/monetize-0.3.0.gemspec
I, [2014-08-21T11:16:20.691362 #9679]  INFO -- : 0:  paperclip (4.2.0) from /Users/peterberkenbosch/.gem/ruby/2.0.0/specifications/paperclip-4.2.0.gemspec
I, [2014-08-21T11:16:20.691603 #9679]  INFO -- : 0:  paranoia (2.0.2) from /Users/peterberkenbosch/.gem/ruby/2.0.0/specifications/paranoia-2.0.2.gemspec
I, [2014-08-21T11:16:20.691811 #9679]  INFO -- : 0:  pg (0.17.1) from /Users/peterberkenbosch/.gem/ruby/2.0.0/specifications/pg-0.17.1.gemspec
I, [2014-08-21T11:16:20.692035 #9679]  INFO -- : 0:  polyamorous (1.0.0) from /Users/peterberkenbosch/.gem/ruby/2.0.0/specifications/polyamorous-1.0.0.gemspec
I, [2014-08-21T11:16:20.692256 #9679]  INFO -- : 0:  slop (3.6.0) from /Users/peterberkenbosch/.gem/ruby/2.0.0/specifications/slop-3.6.0.gemspec
I, [2014-08-21T11:16:20.692458 #9679]  INFO -- : 0:  pry (0.10.1) from /Users/peterberkenbosch/.gem/ruby/2.0.0/specifications/pry-0.10.1.gemspec
I, [2014-08-21T11:16:20.692642 #9679]  INFO -- : 0:  pry-rails (0.3.2) from /Users/peterberkenbosch/.gem/ruby/2.0.0/specifications/pry-rails-0.3.2.gemspec
I, [2014-08-21T11:16:20.692829 #9679]  INFO -- : 0:  rabl (0.9.4.pre1) from /Users/peterberkenbosch/.gem/ruby/2.0.0/specifications/rabl-0.9.4.pre1.gemspec
I, [2014-08-21T11:16:20.693021 #9679]  INFO -- : 0:  ransack (1.2.3) from /Users/peterberkenbosch/.gem/ruby/2.0.0/specifications/ransack-1.2.3.gemspec
I, [2014-08-21T11:16:20.693206 #9679]  INFO -- : 0:  rspec-core (2.14.8) from /Users/peterberkenbosch/.gem/ruby/2.0.0/specifications/rspec-core-2.14.8.gemspec
I, [2014-08-21T11:16:20.693401 #9679]  INFO -- : 0:  rspec-expectations (2.14.5) from /Users/peterberkenbosch/.gem/ruby/2.0.0/specifications/rspec-expectations-2.14.5.gemspec
I, [2014-08-21T11:16:20.693655 #9679]  INFO -- : 0:  rspec-mocks (2.14.6) from /Users/peterberkenbosch/.gem/ruby/2.0.0/specifications/rspec-mocks-2.14.6.gemspec
I, [2014-08-21T11:16:20.693915 #9679]  INFO -- : 0:  rspec-rails (2.14.2) from /Users/peterberkenbosch/.gem/ruby/2.0.0/specifications/rspec-rails-2.14.2.gemspec
I, [2014-08-21T11:16:20.694107 #9679]  INFO -- : 0:  rubyzip (1.1.6) from /Users/peterberkenbosch/.gem/ruby/2.0.0/specifications/rubyzip-1.1.6.gemspec
I, [2014-08-21T11:16:20.694308 #9679]  INFO -- : 0:  sass (3.2.19) from /Users/peterberkenbosch/.gem/ruby/2.0.0/specifications/sass-3.2.19.gemspec
I, [2014-08-21T11:16:20.694497 #9679]  INFO -- : 0:  sass-rails (4.0.3) from /Users/peterberkenbosch/.gem/ruby/2.0.0/specifications/sass-rails-4.0.3.gemspec
I, [2014-08-21T11:16:20.694687 #9679]  INFO -- : 0:  select2-rails (3.5.9.1) from /Users/peterberkenbosch/.gem/ruby/2.0.0/specifications/select2-rails-3.5.9.1.gemspec
I, [2014-08-21T11:16:20.694877 #9679]  INFO -- : 0:  websocket (1.0.7) from /Users/peterberkenbosch/.gem/ruby/2.0.0/specifications/websocket-1.0.7.gemspec
I, [2014-08-21T11:16:20.695102 #9679]  INFO -- : 0:  selenium-webdriver (2.42.0) from /Users/peterberkenbosch/.gem/ruby/2.0.0/specifications/selenium-webdriver-2.42.0.gemspec
I, [2014-08-21T11:16:20.695324 #9679]  INFO -- : 0:  simplecov-html (0.8.0) from /Users/peterberkenbosch/.gem/ruby/2.0.0/specifications/simplecov-html-0.8.0.gemspec
I, [2014-08-21T11:16:20.695522 #9679]  INFO -- : 0:  simplecov (0.9.0) from /Users/peterberkenbosch/.gem/ruby/2.0.0/specifications/simplecov-0.9.0.gemspec
I, [2014-08-21T11:16:20.695717 #9679]  INFO -- : 0:  state_machine (1.2.0) from /Users/peterberkenbosch/.gem/ruby/2.0.0/specifications/state_machine-1.2.0.gemspec
I, [2014-08-21T11:16:20.695918 #9679]  INFO -- : 0:  stringex (1.5.1) from /Users/peterberkenbosch/.gem/ruby/2.0.0/specifications/stringex-1.5.1.gemspec
I, [2014-08-21T11:16:20.696114 #9679]  INFO -- : 0:  truncate_html (0.9.2) from /Users/peterberkenbosch/.gem/ruby/2.0.0/specifications/truncate_html-0.9.2.gemspec
I, [2014-08-21T11:16:21.018659 #9679]  INFO -- : 0:  spree_core (2.3.2.beta) from /Users/peterberkenbosch/.gem/ruby/2.0.0/bundler/gems/spree-1e0a7186f14b/core/spree_core.gemspec
I, [2014-08-21T11:16:21.018958 #9679]  INFO -- : 0:  versioncake (2.3.1) from /Users/peterberkenbosch/.gem/ruby/2.0.0/specifications/versioncake-2.3.1.gemspec
I, [2014-08-21T11:16:21.147938 #9679]  INFO -- : 0:  spree_api (2.3.2.beta) from /Users/peterberkenbosch/.gem/ruby/2.0.0/bundler/gems/spree-1e0a7186f14b/api/spree_api.gemspec
I, [2014-08-21T11:16:21.445392 #9679]  INFO -- : 0:  spree_backend (2.3.2.beta) from /Users/peterberkenbosch/.gem/ruby/2.0.0/bundler/gems/spree-1e0a7186f14b/backend/spree_backend.gemspec
I, [2014-08-21T11:16:21.458521 #9679]  INFO -- : 0:  spree_cmd (2.3.2.beta) from /Users/peterberkenbosch/.gem/ruby/2.0.0/bundler/gems/spree-1e0a7186f14b/cmd/spree_cmd.gemspec
I, [2014-08-21T11:16:21.711117 #9679]  INFO -- : 0:  spree_frontend (2.3.2.beta) from /Users/peterberkenbosch/.gem/ruby/2.0.0/bundler/gems/spree-1e0a7186f14b/frontend/spree_frontend.gemspec
I, [2014-08-21T11:16:21.837388 #9679]  INFO -- : 0:  spree_sample (2.3.2.beta) from /Users/peterberkenbosch/.gem/ruby/2.0.0/bundler/gems/spree-1e0a7186f14b/sample/spree_sample.gemspec
I, [2014-08-21T11:16:21.842299 #9679]  INFO -- : 0:  spree (2.3.2.beta) from /Users/peterberkenbosch/.gem/ruby/2.0.0/bundler/gems/spree-1e0a7186f14b/spree.gemspec
I, [2014-08-21T11:16:21.907846 #9679]  INFO -- : 0:  spree_product_assembly (2.2.0.beta) from /Users/peterberkenbosch/code/github/spree/spree-product-assembly/spree_product_assembly.gemspec
I, [2014-08-21T11:16:21.976817 #9679]  INFO -- : 0:  spree_wombat (2.2.0) from /Users/peterberkenbosch/.gem/ruby/2.0.0/bundler/gems/spree_wombat-9ed7e866d210/spree_wombat.gemspec
I, [2014-08-21T11:16:21.977116 #9679]  INFO -- : 0:  sqlite3 (1.3.9) from /Users/peterberkenbosch/.gem/ruby/2.0.0/specifications/sqlite3-1.3.9.gemspec
I, [2014-08-21T12:33:19.566514 #16285]  INFO -- : 0:  rake (10.3.2) from /Users/peterberkenbosch/.gem/ruby/2.0.0/specifications/rake-10.3.2.gemspec
I, [2014-08-21T12:33:19.566801 #16285]  INFO -- : 0:  i18n (0.6.11) from /Users/peterberkenbosch/.gem/ruby/2.0.0/specifications/i18n-0.6.11.gemspec
I, [2014-08-21T12:33:19.567030 #16285]  INFO -- : 0:  json (1.8.1) from /Users/peterberkenbosch/.gem/ruby/2.0.0/specifications/json-1.8.1.gemspec
I, [2014-08-21T12:33:19.567242 #16285]  INFO -- : 0:  minitest (5.4.0) from /Users/peterberkenbosch/.gem/ruby/2.0.0/specifications/minitest-5.4.0.gemspec
I, [2014-08-21T12:33:19.567450 #16285]  INFO -- : 0:  thread_safe (0.3.4) from /Users/peterberkenbosch/.gem/ruby/2.0.0/specifications/thread_safe-0.3.4.gemspec
I, [2014-08-21T12:33:19.567658 #16285]  INFO -- : 0:  tzinfo (1.2.2) from /Users/peterberkenbosch/.gem/ruby/2.0.0/specifications/tzinfo-1.2.2.gemspec
I, [2014-08-21T12:33:19.567894 #16285]  INFO -- : 0:  activesupport (4.1.5) from /Users/peterberkenbosch/.gem/ruby/2.0.0/specifications/activesupport-4.1.5.gemspec
I, [2014-08-21T12:33:19.568165 #16285]  INFO -- : 0:  builder (3.2.2) from /Users/peterberkenbosch/.gem/ruby/2.0.0/specifications/builder-3.2.2.gemspec
I, [2014-08-21T12:33:19.568378 #16285]  INFO -- : 0:  erubis (2.7.0) from /Users/peterberkenbosch/.gem/ruby/2.0.0/specifications/erubis-2.7.0.gemspec
I, [2014-08-21T12:33:19.568609 #16285]  INFO -- : 0:  actionview (4.1.5) from /Users/peterberkenbosch/.gem/ruby/2.0.0/specifications/actionview-4.1.5.gemspec
I, [2014-08-21T12:33:19.568818 #16285]  INFO -- : 0:  rack (1.5.2) from /Users/peterberkenbosch/.gem/ruby/2.0.0/specifications/rack-1.5.2.gemspec
I, [2014-08-21T12:33:19.569047 #16285]  INFO -- : 0:  rack-test (0.6.2) from /Users/peterberkenbosch/.gem/ruby/2.0.0/specifications/rack-test-0.6.2.gemspec
I, [2014-08-21T12:33:19.569287 #16285]  INFO -- : 0:  actionpack (4.1.5) from /Users/peterberkenbosch/.gem/ruby/2.0.0/specifications/actionpack-4.1.5.gemspec
I, [2014-08-21T12:33:19.569499 #16285]  INFO -- : 0:  mime-types (1.25.1) from /Users/peterberkenbosch/.gem/ruby/2.0.0/specifications/mime-types-1.25.1.gemspec
I, [2014-08-21T12:33:19.569705 #16285]  INFO -- : 0:  polyglot (0.3.5) from /Users/peterberkenbosch/.gem/ruby/2.0.0/specifications/polyglot-0.3.5.gemspec
I, [2014-08-21T12:33:19.569909 #16285]  INFO -- : 0:  treetop (1.4.15) from /Users/peterberkenbosch/.gem/ruby/2.0.0/specifications/treetop-1.4.15.gemspec
I, [2014-08-21T12:33:19.570120 #16285]  INFO -- : 0:  mail (2.5.4) from /Users/peterberkenbosch/.gem/ruby/2.0.0/specifications/mail-2.5.4.gemspec
I, [2014-08-21T12:33:19.570320 #16285]  INFO -- : 0:  actionmailer (4.1.5) from /Users/peterberkenbosch/.gem/ruby/2.0.0/specifications/actionmailer-4.1.5.gemspec
I, [2014-08-21T12:33:19.570522 #16285]  INFO -- : 0:  activemodel (4.1.5) from /Users/peterberkenbosch/.gem/ruby/2.0.0/specifications/activemodel-4.1.5.gemspec
I, [2014-08-21T12:33:19.570730 #16285]  INFO -- : 0:  active_model_serializers (0.9.0.alpha1) from /Users/peterberkenbosch/.gem/ruby/2.0.0/specifications/active_model_serializers-0.9.0.alpha1.gemspec
I, [2014-08-21T12:33:19.570918 #16285]  INFO -- : 0:  active_utils (2.2.3) from /Users/peterberkenbosch/.gem/ruby/2.0.0/specifications/active_utils-2.2.3.gemspec
I, [2014-08-21T12:33:19.571115 #16285]  INFO -- : 0:  money (6.1.1) from /Users/peterberkenbosch/.gem/ruby/2.0.0/specifications/money-6.1.1.gemspec
I, [2014-08-21T12:33:19.571314 #16285]  INFO -- : 0:  mini_portile (0.6.0) from /Users/peterberkenbosch/.gem/ruby/2.0.0/specifications/mini_portile-0.6.0.gemspec
I, [2014-08-21T12:33:19.571502 #16285]  INFO -- : 0:  nokogiri (1.6.3.1) from /Users/peterberkenbosch/.gem/ruby/2.0.0/specifications/nokogiri-1.6.3.1.gemspec
I, [2014-08-21T12:33:19.571712 #16285]  INFO -- : 0:  activemerchant (1.43.3) from /Users/peterberkenbosch/.gem/ruby/2.0.0/specifications/activemerchant-1.43.3.gemspec
I, [2014-08-21T12:33:19.571908 #16285]  INFO -- : 0:  arel (5.0.1.20140414130214) from /Users/peterberkenbosch/.gem/ruby/2.0.0/specifications/arel-5.0.1.20140414130214.gemspec
I, [2014-08-21T12:33:19.572106 #16285]  INFO -- : 0:  activerecord (4.1.5) from /Users/peterberkenbosch/.gem/ruby/2.0.0/specifications/activerecord-4.1.5.gemspec
I, [2014-08-21T12:33:19.572288 #16285]  INFO -- : 0:  acts_as_list (0.3.0) from /Users/peterberkenbosch/.gem/ruby/2.0.0/specifications/acts_as_list-0.3.0.gemspec
I, [2014-08-21T12:33:19.572469 #16285]  INFO -- : 0:  awesome_nested_set (3.0.0) from /Users/peterberkenbosch/.gem/ruby/2.0.0/specifications/awesome_nested_set-3.0.0.gemspec
I, [2014-08-21T12:33:19.572646 #16285]  INFO -- : 0:  uuidtools (2.1.5) from /Users/peterberkenbosch/.gem/ruby/2.0.0/specifications/uuidtools-2.1.5.gemspec
I, [2014-08-21T12:33:19.572832 #16285]  INFO -- : 0:  aws-sdk (1.27.0) from /Users/peterberkenbosch/.gem/ruby/2.0.0/specifications/aws-sdk-1.27.0.gemspec
I, [2014-08-21T12:33:19.572988 #16285]  INFO -- : 0:  bundler (1.5.1) from /Users/peterberkenbosch/.gem/ruby/2.0.0/specifications/bundler-1.5.1.gemspec
I, [2014-08-21T12:33:19.573167 #16285]  INFO -- : 0:  cancancan (1.8.4) from /Users/peterberkenbosch/.gem/ruby/2.0.0/specifications/cancancan-1.8.4.gemspec
I, [2014-08-21T12:33:19.573372 #16285]  INFO -- : 0:  thor (0.19.1) from /Users/peterberkenbosch/.gem/ruby/2.0.0/specifications/thor-0.19.1.gemspec
I, [2014-08-21T12:33:19.573567 #16285]  INFO -- : 0:  railties (4.1.5) from /Users/peterberkenbosch/.gem/ruby/2.0.0/specifications/railties-4.1.5.gemspec
I, [2014-08-21T12:33:19.573749 #16285]  INFO -- : 0:  hike (1.2.3) from /Users/peterberkenbosch/.gem/ruby/2.0.0/specifications/hike-1.2.3.gemspec
I, [2014-08-21T12:33:19.573952 #16285]  INFO -- : 0:  multi_json (1.10.1) from /Users/peterberkenbosch/.gem/ruby/2.0.0/specifications/multi_json-1.10.1.gemspec
I, [2014-08-21T12:33:19.574151 #16285]  INFO -- : 0:  tilt (1.4.1) from /Users/peterberkenbosch/.gem/ruby/2.0.0/specifications/tilt-1.4.1.gemspec
I, [2014-08-21T12:33:19.574350 #16285]  INFO -- : 0:  sprockets (2.11.0) from /Users/peterberkenbosch/.gem/ruby/2.0.0/specifications/sprockets-2.11.0.gemspec
I, [2014-08-21T12:33:19.574537 #16285]  INFO -- : 0:  sprockets-rails (2.1.3) from /Users/peterberkenbosch/.gem/ruby/2.0.0/specifications/sprockets-rails-2.1.3.gemspec
I, [2014-08-21T12:33:19.574737 #16285]  INFO -- : 0:  rails (4.1.5) from /Users/peterberkenbosch/.gem/ruby/2.0.0/specifications/rails-4.1.5.gemspec
I, [2014-08-21T12:33:19.574922 #16285]  INFO -- : 0:  canonical-rails (0.0.7) from /Users/peterberkenbosch/.gem/ruby/2.0.0/specifications/canonical-rails-0.0.7.gemspec
I, [2014-08-21T12:33:19.575106 #16285]  INFO -- : 0:  xpath (2.0.0) from /Users/peterberkenbosch/.gem/ruby/2.0.0/specifications/xpath-2.0.0.gemspec
I, [2014-08-21T12:33:19.575309 #16285]  INFO -- : 0:  capybara (2.2.1) from /Users/peterberkenbosch/.gem/ruby/2.0.0/specifications/capybara-2.2.1.gemspec
I, [2014-08-21T12:33:19.575481 #16285]  INFO -- : 0:  ffi (1.9.3) from /Users/peterberkenbosch/.gem/ruby/2.0.0/specifications/ffi-1.9.3.gemspec
I, [2014-08-21T12:33:19.575670 #16285]  INFO -- : 0:  childprocess (0.5.3) from /Users/peterberkenbosch/.gem/ruby/2.0.0/specifications/childprocess-0.5.3.gemspec
I, [2014-08-21T12:33:19.575849 #16285]  INFO -- : 0:  climate_control (0.0.3) from /Users/peterberkenbosch/.gem/ruby/2.0.0/specifications/climate_control-0.0.3.gemspec
I, [2014-08-21T12:33:19.576015 #16285]  INFO -- : 0:  cocaine (0.5.4) from /Users/peterberkenbosch/.gem/ruby/2.0.0/specifications/cocaine-0.5.4.gemspec
I, [2014-08-21T12:33:19.576184 #16285]  INFO -- : 0:  coderay (1.1.0) from /Users/peterberkenbosch/.gem/ruby/2.0.0/specifications/coderay-1.1.0.gemspec
I, [2014-08-21T12:33:19.576385 #16285]  INFO -- : 0:  coffee-script-source (1.7.1) from /Users/peterberkenbosch/.gem/ruby/2.0.0/specifications/coffee-script-source-1.7.1.gemspec
I, [2014-08-21T12:33:19.576563 #16285]  INFO -- : 0:  execjs (2.2.1) from /Users/peterberkenbosch/.gem/ruby/2.0.0/specifications/execjs-2.2.1.gemspec
I, [2014-08-21T12:33:19.576737 #16285]  INFO -- : 0:  coffee-script (2.3.0) from /Users/peterberkenbosch/.gem/ruby/2.0.0/specifications/coffee-script-2.3.0.gemspec
I, [2014-08-21T12:33:19.576943 #16285]  INFO -- : 0:  coffee-rails (4.0.1) from /Users/peterberkenbosch/.gem/ruby/2.0.0/specifications/coffee-rails-4.0.1.gemspec
I, [2014-08-21T12:33:19.577216 #16285]  INFO -- : 0:  colorize (0.7.3) from /Users/peterberkenbosch/.gem/ruby/2.0.0/specifications/colorize-0.7.3.gemspec
I, [2014-08-21T12:33:19.577391 #16285]  INFO -- : 0:  deface (1.0.0) from /Users/peterberkenbosch/.gem/ruby/2.0.0/specifications/deface-1.0.0.gemspec
I, [2014-08-21T12:33:19.577572 #16285]  INFO -- : 0:  diff-lcs (1.2.5) from /Users/peterberkenbosch/.gem/ruby/2.0.0/specifications/diff-lcs-1.2.5.gemspec
I, [2014-08-21T12:33:19.577758 #16285]  INFO -- : 0:  docile (1.1.5) from /Users/peterberkenbosch/.gem/ruby/2.0.0/specifications/docile-1.1.5.gemspec
I, [2014-08-21T12:33:19.577937 #16285]  INFO -- : 0:  factory_girl (4.4.0) from /Users/peterberkenbosch/.gem/ruby/2.0.0/specifications/factory_girl-4.4.0.gemspec
I, [2014-08-21T12:33:19.578135 #16285]  INFO -- : 0:  ffaker (1.25.0) from /Users/peterberkenbosch/.gem/ruby/2.0.0/specifications/ffaker-1.25.0.gemspec
I, [2014-08-21T12:33:19.578349 #16285]  INFO -- : 0:  font-awesome-rails (4.1.0.0) from /Users/peterberkenbosch/.gem/ruby/2.0.0/specifications/font-awesome-rails-4.1.0.0.gemspec
I, [2014-08-21T12:33:19.578529 #16285]  INFO -- : 0:  friendly_id (5.0.4) from /Users/peterberkenbosch/.gem/ruby/2.0.0/specifications/friendly_id-5.0.4.gemspec
I, [2014-08-21T12:33:19.578735 #16285]  INFO -- : 0:  highline (1.6.21) from /Users/peterberkenbosch/.gem/ruby/2.0.0/specifications/highline-1.6.21.gemspec
I, [2014-08-21T12:33:19.578918 #16285]  INFO -- : 0:  multi_xml (0.5.5) from /Users/peterberkenbosch/.gem/ruby/2.0.0/specifications/multi_xml-0.5.5.gemspec
I, [2014-08-21T12:33:19.579102 #16285]  INFO -- : 0:  httparty (0.13.1) from /Users/peterberkenbosch/.gem/ruby/2.0.0/specifications/httparty-0.13.1.gemspec
I, [2014-08-21T12:33:19.579286 #16285]  INFO -- : 0:  jquery-rails (3.1.0) from /Users/peterberkenbosch/.gem/ruby/2.0.0/specifications/jquery-rails-3.1.0.gemspec
I, [2014-08-21T12:33:19.579472 #16285]  INFO -- : 0:  jquery-ui-rails (4.1.2) from /Users/peterberkenbosch/.gem/ruby/2.0.0/specifications/jquery-ui-rails-4.1.2.gemspec
I, [2014-08-21T12:33:19.579658 #16285]  INFO -- : 0:  kaminari (0.15.1) from /Users/peterberkenbosch/.gem/ruby/2.0.0/specifications/kaminari-0.15.1.gemspec
I, [2014-08-21T12:33:19.579867 #16285]  INFO -- : 0:  method_source (0.8.2) from /Users/peterberkenbosch/.gem/ruby/2.0.0/specifications/method_source-0.8.2.gemspec
I, [2014-08-21T12:33:19.580091 #16285]  INFO -- : 0:  monetize (0.3.0) from /Users/peterberkenbosch/.gem/ruby/2.0.0/specifications/monetize-0.3.0.gemspec
I, [2014-08-21T12:33:19.580320 #16285]  INFO -- : 0:  paperclip (4.2.0) from /Users/peterberkenbosch/.gem/ruby/2.0.0/specifications/paperclip-4.2.0.gemspec
I, [2014-08-21T12:33:19.580594 #16285]  INFO -- : 0:  paranoia (2.0.2) from /Users/peterberkenbosch/.gem/ruby/2.0.0/specifications/paranoia-2.0.2.gemspec
I, [2014-08-21T12:33:19.580825 #16285]  INFO -- : 0:  pg (0.17.1) from /Users/peterberkenbosch/.gem/ruby/2.0.0/specifications/pg-0.17.1.gemspec
I, [2014-08-21T12:33:19.581048 #16285]  INFO -- : 0:  polyamorous (1.0.0) from /Users/peterberkenbosch/.gem/ruby/2.0.0/specifications/polyamorous-1.0.0.gemspec
I, [2014-08-21T12:33:19.581274 #16285]  INFO -- : 0:  slop (3.6.0) from /Users/peterberkenbosch/.gem/ruby/2.0.0/specifications/slop-3.6.0.gemspec
I, [2014-08-21T12:33:19.581512 #16285]  INFO -- : 0:  pry (0.10.1) from /Users/peterberkenbosch/.gem/ruby/2.0.0/specifications/pry-0.10.1.gemspec
I, [2014-08-21T12:33:19.581714 #16285]  INFO -- : 0:  pry-rails (0.3.2) from /Users/peterberkenbosch/.gem/ruby/2.0.0/specifications/pry-rails-0.3.2.gemspec
I, [2014-08-21T12:33:19.581966 #16285]  INFO -- : 0:  rabl (0.9.4.pre1) from /Users/peterberkenbosch/.gem/ruby/2.0.0/specifications/rabl-0.9.4.pre1.gemspec
I, [2014-08-21T12:33:19.582202 #16285]  INFO -- : 0:  ransack (1.2.3) from /Users/peterberkenbosch/.gem/ruby/2.0.0/specifications/ransack-1.2.3.gemspec
I, [2014-08-21T12:33:19.582490 #16285]  INFO -- : 0:  rspec-core (2.14.8) from /Users/peterberkenbosch/.gem/ruby/2.0.0/specifications/rspec-core-2.14.8.gemspec
I, [2014-08-21T12:33:19.582723 #16285]  INFO -- : 0:  rspec-expectations (2.14.5) from /Users/peterberkenbosch/.gem/ruby/2.0.0/specifications/rspec-expectations-2.14.5.gemspec
I, [2014-08-21T12:33:19.582952 #16285]  INFO -- : 0:  rspec-mocks (2.14.6) from /Users/peterberkenbosch/.gem/ruby/2.0.0/specifications/rspec-mocks-2.14.6.gemspec
I, [2014-08-21T12:33:19.583189 #16285]  INFO -- : 0:  rspec-rails (2.14.2) from /Users/peterberkenbosch/.gem/ruby/2.0.0/specifications/rspec-rails-2.14.2.gemspec
I, [2014-08-21T12:33:19.583408 #16285]  INFO -- : 0:  rubyzip (1.1.6) from /Users/peterberkenbosch/.gem/ruby/2.0.0/specifications/rubyzip-1.1.6.gemspec
I, [2014-08-21T12:33:19.583642 #16285]  INFO -- : 0:  sass (3.2.19) from /Users/peterberkenbosch/.gem/ruby/2.0.0/specifications/sass-3.2.19.gemspec
I, [2014-08-21T12:33:19.608899 #16285]  INFO -- : 0:  sass-rails (4.0.3) from /Users/peterberkenbosch/.gem/ruby/2.0.0/specifications/sass-rails-4.0.3.gemspec
I, [2014-08-21T12:33:19.609159 #16285]  INFO -- : 0:  select2-rails (3.5.9.1) from /Users/peterberkenbosch/.gem/ruby/2.0.0/specifications/select2-rails-3.5.9.1.gemspec
I, [2014-08-21T12:33:19.609383 #16285]  INFO -- : 0:  websocket (1.0.7) from /Users/peterberkenbosch/.gem/ruby/2.0.0/specifications/websocket-1.0.7.gemspec
I, [2014-08-21T12:33:19.609609 #16285]  INFO -- : 0:  selenium-webdriver (2.42.0) from /Users/peterberkenbosch/.gem/ruby/2.0.0/specifications/selenium-webdriver-2.42.0.gemspec
I, [2014-08-21T12:33:19.609839 #16285]  INFO -- : 0:  simplecov-html (0.8.0) from /Users/peterberkenbosch/.gem/ruby/2.0.0/specifications/simplecov-html-0.8.0.gemspec
I, [2014-08-21T12:33:19.610114 #16285]  INFO -- : 0:  simplecov (0.9.0) from /Users/peterberkenbosch/.gem/ruby/2.0.0/specifications/simplecov-0.9.0.gemspec
I, [2014-08-21T12:33:19.610339 #16285]  INFO -- : 0:  state_machine (1.2.0) from /Users/peterberkenbosch/.gem/ruby/2.0.0/specifications/state_machine-1.2.0.gemspec
I, [2014-08-21T12:33:19.610569 #16285]  INFO -- : 0:  stringex (1.5.1) from /Users/peterberkenbosch/.gem/ruby/2.0.0/specifications/stringex-1.5.1.gemspec
I, [2014-08-21T12:33:19.610807 #16285]  INFO -- : 0:  truncate_html (0.9.2) from /Users/peterberkenbosch/.gem/ruby/2.0.0/specifications/truncate_html-0.9.2.gemspec
I, [2014-08-21T12:33:19.913026 #16285]  INFO -- : 0:  spree_core (2.3.2.beta) from /Users/peterberkenbosch/.gem/ruby/2.0.0/bundler/gems/spree-1e0a7186f14b/core/spree_core.gemspec
I, [2014-08-21T12:33:19.913373 #16285]  INFO -- : 0:  versioncake (2.3.1) from /Users/peterberkenbosch/.gem/ruby/2.0.0/specifications/versioncake-2.3.1.gemspec
I, [2014-08-21T12:33:20.046088 #16285]  INFO -- : 0:  spree_api (2.3.2.beta) from /Users/peterberkenbosch/.gem/ruby/2.0.0/bundler/gems/spree-1e0a7186f14b/api/spree_api.gemspec
I, [2014-08-21T12:33:20.363987 #16285]  INFO -- : 0:  spree_backend (2.3.2.beta) from /Users/peterberkenbosch/.gem/ruby/2.0.0/bundler/gems/spree-1e0a7186f14b/backend/spree_backend.gemspec
I, [2014-08-21T12:33:20.378033 #16285]  INFO -- : 0:  spree_cmd (2.3.2.beta) from /Users/peterberkenbosch/.gem/ruby/2.0.0/bundler/gems/spree-1e0a7186f14b/cmd/spree_cmd.gemspec
I, [2014-08-21T12:33:20.620335 #16285]  INFO -- : 0:  spree_frontend (2.3.2.beta) from /Users/peterberkenbosch/.gem/ruby/2.0.0/bundler/gems/spree-1e0a7186f14b/frontend/spree_frontend.gemspec
I, [2014-08-21T12:33:20.751567 #16285]  INFO -- : 0:  spree_sample (2.3.2.beta) from /Users/peterberkenbosch/.gem/ruby/2.0.0/bundler/gems/spree-1e0a7186f14b/sample/spree_sample.gemspec
I, [2014-08-21T12:33:20.756331 #16285]  INFO -- : 0:  spree (2.3.2.beta) from /Users/peterberkenbosch/.gem/ruby/2.0.0/bundler/gems/spree-1e0a7186f14b/spree.gemspec
I, [2014-08-21T12:33:20.816458 #16285]  INFO -- : 0:  spree_product_assembly (2.2.0.beta) from /Users/peterberkenbosch/code/github/spree/spree-product-assembly/spree_product_assembly.gemspec
I, [2014-08-21T12:33:20.878748 #16285]  INFO -- : 0:  spree_wombat (2.2.0) from /Users/peterberkenbosch/.gem/ruby/2.0.0/bundler/gems/spree_wombat-6e5c0d72e779/spree_wombat.gemspec
I, [2014-08-21T12:33:20.879045 #16285]  INFO -- : 0:  sqlite3 (1.3.9) from /Users/peterberkenbosch/.gem/ruby/2.0.0/specifications/sqlite3-1.3.9.gemspec
